Hello World
Currently Loaded Modulefiles:
 1) cudatoolkit/12.8   2) anaconda3/2024.6  
conda 24.5.0
Cuda is available
Device for FQL is cuda
Step: 1000, Critic Loss: 0.0829, Actor Loss: -87.1041, Q Mean: 87.4709
Step: 2000, Critic Loss: 0.1228, Actor Loss: -137.0961, Q Mean: 137.3849
Step: 3000, Critic Loss: 0.0868, Actor Loss: -155.1748, Q Mean: 155.5036
Step: 4000, Critic Loss: 0.5008, Actor Loss: -232.4907, Q Mean: 232.7637
Step: 5000, Critic Loss: 321.1389, Actor Loss: -291.5352, Q Mean: 291.7632
Step: 6000, Critic Loss: 1.7414, Actor Loss: -325.1215, Q Mean: 325.4044
Step: 7000, Critic Loss: 1.1800, Actor Loss: -353.4876, Q Mean: 353.7251
Step: 8000, Critic Loss: 8.7649, Actor Loss: -386.9272, Q Mean: 387.1831
Step: 9000, Critic Loss: 0.9514, Actor Loss: -437.1373, Q Mean: 437.3553
Step: 10000, Critic Loss: 4.8590, Actor Loss: -488.6085, Q Mean: 488.7080
Evaluation at step 10000: Mean Return: -1000.00 ± 0.00
Step: 11000, Critic Loss: 3.7605, Actor Loss: -529.0722, Q Mean: 529.2785
Step: 12000, Critic Loss: 481.3323, Actor Loss: -578.2512, Q Mean: 578.3679
Step: 13000, Critic Loss: 0.7256, Actor Loss: -631.1912, Q Mean: 631.4071
Step: 14000, Critic Loss: 3.1528, Actor Loss: -672.4535, Q Mean: 672.6022
Step: 15000, Critic Loss: 1.3031, Actor Loss: -719.8610, Q Mean: 720.1152
Step: 16000, Critic Loss: 1.6501, Actor Loss: -775.4072, Q Mean: 775.7118
Step: 17000, Critic Loss: 794.8235, Actor Loss: -820.5634, Q Mean: 819.0936
Step: 18000, Critic Loss: 1.3748, Actor Loss: -888.4494, Q Mean: 888.6785
Step: 19000, Critic Loss: 7.6787, Actor Loss: -938.8951, Q Mean: 939.1542
Step: 20000, Critic Loss: 156.6986, Actor Loss: -1008.4965, Q Mean: 1005.8038
Evaluation at step 20000: Mean Return: -1000.00 ± 0.00
Step: 21000, Critic Loss: 1.9021, Actor Loss: -1045.3160, Q Mean: 1045.5420
Step: 22000, Critic Loss: 3.1198, Actor Loss: -1079.9487, Q Mean: 1080.1526
Step: 23000, Critic Loss: 0.5378, Actor Loss: -1138.2080, Q Mean: 1138.4360
Step: 24000, Critic Loss: 3.3110, Actor Loss: -1186.2549, Q Mean: 1186.4659
Step: 25000, Critic Loss: 3.4044, Actor Loss: -1222.6581, Q Mean: 1222.8529
Step: 26000, Critic Loss: 0.7204, Actor Loss: -1261.1890, Q Mean: 1261.6259
Step: 27000, Critic Loss: 285.1789, Actor Loss: -1308.7043, Q Mean: 1308.2454
Step: 28000, Critic Loss: 11.6480, Actor Loss: -1353.1444, Q Mean: 1348.5044
Step: 29000, Critic Loss: 0.7575, Actor Loss: -1386.1168, Q Mean: 1386.3535
Step: 30000, Critic Loss: 19.9982, Actor Loss: -1432.8567, Q Mean: 1429.4012
Evaluation at step 30000: Mean Return: -1000.00 ± 0.00
Step: 31000, Critic Loss: 0.9376, Actor Loss: -1487.7584, Q Mean: 1488.0188
Step: 32000, Critic Loss: 4.8880, Actor Loss: -1539.0004, Q Mean: 1539.2924
Step: 33000, Critic Loss: 4.5963, Actor Loss: -1558.7139, Q Mean: 1558.9387
Step: 34000, Critic Loss: 4.3733, Actor Loss: -1572.5059, Q Mean: 1572.8163
Step: 35000, Critic Loss: 1.8315, Actor Loss: -1594.4161, Q Mean: 1594.6627
Step: 36000, Critic Loss: 2.0995, Actor Loss: -1617.4426, Q Mean: 1617.7292
Step: 37000, Critic Loss: 0.5749, Actor Loss: -1673.6669, Q Mean: 1674.0592
Step: 38000, Critic Loss: 3.0391, Actor Loss: -1706.8970, Q Mean: 1707.3110
Step: 39000, Critic Loss: 0.9218, Actor Loss: -1768.2662, Q Mean: 1768.5518
Step: 40000, Critic Loss: 1.0497, Actor Loss: -1823.9016, Q Mean: 1824.1555
Evaluation at step 40000: Mean Return: -1000.00 ± 0.00
Step: 41000, Critic Loss: 5.4521, Actor Loss: -1869.2061, Q Mean: 1869.4879
Step: 42000, Critic Loss: 25.8501, Actor Loss: -1901.8563, Q Mean: 1901.9966
Step: 43000, Critic Loss: 10.1226, Actor Loss: -1953.0576, Q Mean: 1953.2915
Step: 44000, Critic Loss: 1.0322, Actor Loss: -1999.5251, Q Mean: 1999.8193
Step: 45000, Critic Loss: 12.4397, Actor Loss: -2031.4753, Q Mean: 2031.9097
Step: 46000, Critic Loss: 0.6984, Actor Loss: -2069.3201, Q Mean: 2069.6260
Step: 47000, Critic Loss: 0.6011, Actor Loss: -2104.2788, Q Mean: 2104.5630
Step: 48000, Critic Loss: 10.1906, Actor Loss: -2153.6294, Q Mean: 2153.8276
Step: 49000, Critic Loss: 1.8301, Actor Loss: -2183.4172, Q Mean: 2183.6938
Step: 50000, Critic Loss: 0.3501, Actor Loss: -2243.7795, Q Mean: 2244.0476
Evaluation at step 50000: Mean Return: -1000.00 ± 0.00
Final Evaluation: Mean Return: -1000.00 ± 0.00
Step: 1000, Critic Loss: 0.0829, Actor Loss: -87.1041, Q Mean: 87.4709
Step: 2000, Critic Loss: 0.1228, Actor Loss: -137.0961, Q Mean: 137.3849
Step: 3000, Critic Loss: 0.0868, Actor Loss: -155.1748, Q Mean: 155.5036
Step: 4000, Critic Loss: 0.5008, Actor Loss: -232.4907, Q Mean: 232.7637
Step: 5000, Critic Loss: 321.1389, Actor Loss: -291.5352, Q Mean: 291.7632
Step: 6000, Critic Loss: 1.7414, Actor Loss: -325.1215, Q Mean: 325.4044
Step: 7000, Critic Loss: 1.1800, Actor Loss: -353.4876, Q Mean: 353.7251
Step: 8000, Critic Loss: 8.7649, Actor Loss: -386.9272, Q Mean: 387.1831
Step: 9000, Critic Loss: 0.9514, Actor Loss: -437.1373, Q Mean: 437.3553
Step: 10000, Critic Loss: 4.8590, Actor Loss: -488.6085, Q Mean: 488.7080
Evaluation at step 10000: Mean Return: -1000.00 ± 0.00
Step: 11000, Critic Loss: 3.7605, Actor Loss: -529.0722, Q Mean: 529.2785
Step: 12000, Critic Loss: 481.3323, Actor Loss: -578.2512, Q Mean: 578.3679
Step: 13000, Critic Loss: 0.7256, Actor Loss: -631.1912, Q Mean: 631.4071
Step: 14000, Critic Loss: 3.1528, Actor Loss: -672.4535, Q Mean: 672.6022
Step: 15000, Critic Loss: 1.3031, Actor Loss: -719.8610, Q Mean: 720.1152
Step: 16000, Critic Loss: 1.6501, Actor Loss: -775.4072, Q Mean: 775.7118
Step: 17000, Critic Loss: 794.8235, Actor Loss: -820.5634, Q Mean: 819.0936
Step: 18000, Critic Loss: 1.3748, Actor Loss: -888.4494, Q Mean: 888.6785
Step: 19000, Critic Loss: 7.6787, Actor Loss: -938.8951, Q Mean: 939.1542
Step: 20000, Critic Loss: 156.6986, Actor Loss: -1008.4965, Q Mean: 1005.8038
Evaluation at step 20000: Mean Return: -1000.00 ± 0.00
Step: 21000, Critic Loss: 1.9021, Actor Loss: -1045.3160, Q Mean: 1045.5420
Step: 22000, Critic Loss: 3.1198, Actor Loss: -1079.9487, Q Mean: 1080.1526
Step: 23000, Critic Loss: 0.5378, Actor Loss: -1138.2080, Q Mean: 1138.4360
Step: 24000, Critic Loss: 3.3110, Actor Loss: -1186.2549, Q Mean: 1186.4659
Step: 25000, Critic Loss: 3.4044, Actor Loss: -1222.6581, Q Mean: 1222.8529
Step: 26000, Critic Loss: 0.7204, Actor Loss: -1261.1890, Q Mean: 1261.6259
Step: 27000, Critic Loss: 285.1789, Actor Loss: -1308.7043, Q Mean: 1308.2454
Step: 28000, Critic Loss: 11.6480, Actor Loss: -1353.1444, Q Mean: 1348.5044
Step: 29000, Critic Loss: 0.7575, Actor Loss: -1386.1168, Q Mean: 1386.3535
Step: 30000, Critic Loss: 19.9982, Actor Loss: -1432.8567, Q Mean: 1429.4012
Evaluation at step 30000: Mean Return: -1000.00 ± 0.00
Step: 31000, Critic Loss: 0.9376, Actor Loss: -1487.7584, Q Mean: 1488.0188
Step: 32000, Critic Loss: 4.8880, Actor Loss: -1539.0004, Q Mean: 1539.2924
Step: 33000, Critic Loss: 4.5963, Actor Loss: -1558.7139, Q Mean: 1558.9387
Step: 34000, Critic Loss: 4.3733, Actor Loss: -1572.5059, Q Mean: 1572.8163
Step: 35000, Critic Loss: 1.8315, Actor Loss: -1594.4161, Q Mean: 1594.6627
Step: 36000, Critic Loss: 2.0995, Actor Loss: -1617.4426, Q Mean: 1617.7292
Step: 37000, Critic Loss: 0.5749, Actor Loss: -1673.6669, Q Mean: 1674.0592
Step: 38000, Critic Loss: 3.0391, Actor Loss: -1706.8970, Q Mean: 1707.3110
Step: 39000, Critic Loss: 0.9218, Actor Loss: -1768.2662, Q Mean: 1768.5518
Step: 40000, Critic Loss: 1.0497, Actor Loss: -1823.9016, Q Mean: 1824.1555
Evaluation at step 40000: Mean Return: -1000.00 ± 0.00
Step: 41000, Critic Loss: 5.4521, Actor Loss: -1869.2061, Q Mean: 1869.4879
Step: 42000, Critic Loss: 25.8501, Actor Loss: -1901.8563, Q Mean: 1901.9966
Step: 43000, Critic Loss: 10.1226, Actor Loss: -1953.0576, Q Mean: 1953.2915
Step: 44000, Critic Loss: 1.0322, Actor Loss: -1999.5251, Q Mean: 1999.8193
Step: 45000, Critic Loss: 12.4397, Actor Loss: -2031.4753, Q Mean: 2031.9097
Step: 46000, Critic Loss: 0.6984, Actor Loss: -2069.3201, Q Mean: 2069.6260
Step: 47000, Critic Loss: 0.6011, Actor Loss: -2104.2788, Q Mean: 2104.5630
Step: 48000, Critic Loss: 10.1906, Actor Loss: -2153.6294, Q Mean: 2153.8276
Step: 49000, Critic Loss: 1.8301, Actor Loss: -2183.4172, Q Mean: 2183.6938
Step: 50000, Critic Loss: 0.3501, Actor Loss: -2243.7795, Q Mean: 2244.0476
Evaluation at step 50000: Mean Return: -1000.00 ± 0.00
Step: 51000, Critic Loss: 0.6349, Actor Loss: -2306.9795, Q Mean: 2307.2832
Step: 52000, Critic Loss: 7.8693, Actor Loss: -2369.1472, Q Mean: 2369.3708
Step: 53000, Critic Loss: 58.8869, Actor Loss: -2442.1599, Q Mean: 2442.1692
Step: 54000, Critic Loss: 0.7225, Actor Loss: -2501.4519, Q Mean: 2501.7354
Step: 55000, Critic Loss: 5.2510, Actor Loss: -2570.4763, Q Mean: 2570.7710
Step: 56000, Critic Loss: 34.3285, Actor Loss: -2618.7209, Q Mean: 2612.2544
Step: 57000, Critic Loss: 2.8886, Actor Loss: -2683.3328, Q Mean: 2683.5850
Step: 58000, Critic Loss: 1.0677, Actor Loss: -2756.9480, Q Mean: 2757.2051
Step: 59000, Critic Loss: 7316.5811, Actor Loss: -2786.5588, Q Mean: 2784.7109
Step: 60000, Critic Loss: 0.9700, Actor Loss: -2848.7161, Q Mean: 2849.0869
Evaluation at step 60000: Mean Return: -1000.00 ± 0.00
Step: 61000, Critic Loss: 1.3887, Actor Loss: -2925.6223, Q Mean: 2926.0891
Step: 62000, Critic Loss: 1.1564, Actor Loss: -2985.3081, Q Mean: 2985.6223
Step: 63000, Critic Loss: 8.3339, Actor Loss: -3023.0681, Q Mean: 3023.3586
Step: 64000, Critic Loss: 1.6905, Actor Loss: -3072.2727, Q Mean: 3072.5444
Step: 65000, Critic Loss: 1.5708, Actor Loss: -3150.1453, Q Mean: 3139.3391
Step: 66000, Critic Loss: 0.3433, Actor Loss: -3206.3145, Q Mean: 3206.5435
Step: 67000, Critic Loss: 13.3496, Actor Loss: -3245.2661, Q Mean: 3245.7219
Step: 68000, Critic Loss: 6.5207, Actor Loss: -3303.9878, Q Mean: 3304.3477
Step: 69000, Critic Loss: 10.2263, Actor Loss: -3372.3088, Q Mean: 3361.8225
Step: 70000, Critic Loss: 1.0299, Actor Loss: -3422.3677, Q Mean: 3422.6021
Evaluation at step 70000: Mean Return: -997.20 ± 8.40
Step: 71000, Critic Loss: 11.4066, Actor Loss: -3460.6960, Q Mean: 3460.9902
Step: 72000, Critic Loss: 4.1780, Actor Loss: -3495.5024, Q Mean: 3495.8164
Step: 73000, Critic Loss: 0.5851, Actor Loss: -3556.0579, Q Mean: 3551.4734
Step: 74000, Critic Loss: 1.2006, Actor Loss: -3599.4592, Q Mean: 3599.7998
Step: 75000, Critic Loss: 1.0580, Actor Loss: -3632.7666, Q Mean: 3633.1006
Step: 76000, Critic Loss: 5.6943, Actor Loss: -3676.4929, Q Mean: 3676.7993
Step: 77000, Critic Loss: 0.5321, Actor Loss: -3718.0530, Q Mean: 3718.3232
Step: 78000, Critic Loss: 0.5881, Actor Loss: -3794.3149, Q Mean: 3794.5686
Step: 79000, Critic Loss: 1.9766, Actor Loss: -3823.6221, Q Mean: 3823.8545
Step: 80000, Critic Loss: 13.3468, Actor Loss: -3858.7036, Q Mean: 3859.0635
Evaluation at step 80000: Mean Return: -1000.00 ± 0.00
Step: 81000, Critic Loss: 20.8328, Actor Loss: -3905.9519, Q Mean: 3906.1218
Step: 82000, Critic Loss: 2.3292, Actor Loss: -3931.1812, Q Mean: 3931.3943
Step: 83000, Critic Loss: 6.7396, Actor Loss: -3960.9846, Q Mean: 3961.3984
Step: 84000, Critic Loss: 1.5743, Actor Loss: -3969.3813, Q Mean: 3970.4780
Step: 85000, Critic Loss: 9.8079, Actor Loss: -3994.7949, Q Mean: 3995.3213
Step: 86000, Critic Loss: 3.1898, Actor Loss: -4060.3425, Q Mean: 4061.8018
Step: 87000, Critic Loss: 1.8639, Actor Loss: -4083.4797, Q Mean: 4083.7817
Step: 88000, Critic Loss: 11.3742, Actor Loss: -4083.0842, Q Mean: 4083.4551
Step: 89000, Critic Loss: 1.0959, Actor Loss: -4118.4360, Q Mean: 4102.8418
Step: 90000, Critic Loss: 2.7290, Actor Loss: -4144.0664, Q Mean: 4144.4727
Evaluation at step 90000: Mean Return: -1000.00 ± 0.00
Step: 91000, Critic Loss: 4.2259, Actor Loss: -4176.8193, Q Mean: 4178.8691
Step: 92000, Critic Loss: 0.8628, Actor Loss: -4221.1411, Q Mean: 4222.0264
Step: 93000, Critic Loss: 1.1234, Actor Loss: -4246.0850, Q Mean: 4246.5762
Step: 94000, Critic Loss: 559.0750, Actor Loss: -4278.5864, Q Mean: 4273.2046
Step: 95000, Critic Loss: 64.2084, Actor Loss: -4335.6509, Q Mean: 4329.9189
Step: 96000, Critic Loss: 1.0535, Actor Loss: -4343.8892, Q Mean: 4344.3086
Step: 97000, Critic Loss: 234.6187, Actor Loss: -4383.2339, Q Mean: 4382.7207
Step: 98000, Critic Loss: 2.4022, Actor Loss: -4410.3940, Q Mean: 4410.7686
Step: 99000, Critic Loss: 1.3610, Actor Loss: -4413.9927, Q Mean: 4414.5508
Step: 100000, Critic Loss: 930.3813, Actor Loss: -4442.2305, Q Mean: 4429.0830
Evaluation at step 100000: Mean Return: -1000.00 ± 0.00
Step: 101000, Critic Loss: 44.2940, Actor Loss: -4474.5757, Q Mean: 4474.9395
Step: 102000, Critic Loss: 0.5737, Actor Loss: -4515.9238, Q Mean: 4516.3877
Step: 103000, Critic Loss: 2.6694, Actor Loss: -4503.9390, Q Mean: 4506.2002
Step: 104000, Critic Loss: 1.3502, Actor Loss: -4525.8604, Q Mean: 4526.3379
Step: 105000, Critic Loss: 0.9186, Actor Loss: -4564.2407, Q Mean: 4564.7134
Step: 106000, Critic Loss: 11.1142, Actor Loss: -4584.7632, Q Mean: 4585.2822
Step: 107000, Critic Loss: 0.6743, Actor Loss: -4621.4844, Q Mean: 4621.9194
Step: 108000, Critic Loss: 51.1421, Actor Loss: -4608.0757, Q Mean: 4605.8711
Step: 109000, Critic Loss: 52.0173, Actor Loss: -4639.9180, Q Mean: 4628.8755
Step: 110000, Critic Loss: 0.9489, Actor Loss: -4681.7451, Q Mean: 4682.1426
Evaluation at step 110000: Mean Return: -1000.00 ± 0.00
Step: 111000, Critic Loss: 1.9264, Actor Loss: -4718.9263, Q Mean: 4719.2539
Step: 112000, Critic Loss: 2.1560, Actor Loss: -4735.8140, Q Mean: 4736.2153
Step: 113000, Critic Loss: 1.9901, Actor Loss: -4793.0713, Q Mean: 4793.3687
Step: 114000, Critic Loss: 96.1571, Actor Loss: -4771.9961, Q Mean: 4770.4697
Step: 115000, Critic Loss: 5.1957, Actor Loss: -4816.4272, Q Mean: 4817.2681
Step: 116000, Critic Loss: 2.2102, Actor Loss: -4844.9189, Q Mean: 4845.4336
Step: 117000, Critic Loss: 36.3855, Actor Loss: -4840.2275, Q Mean: 4840.6216
Step: 118000, Critic Loss: 6.2561, Actor Loss: -4849.4980, Q Mean: 4849.9980
Step: 119000, Critic Loss: 3.5572, Actor Loss: -4849.9556, Q Mean: 4850.7959
Step: 120000, Critic Loss: 2.8906, Actor Loss: -4877.0435, Q Mean: 4877.4521
Evaluation at step 120000: Mean Return: -1000.00 ± 0.00
Step: 121000, Critic Loss: 1.8177, Actor Loss: -4900.7339, Q Mean: 4901.2041
Step: 122000, Critic Loss: 4.6856, Actor Loss: -4927.6680, Q Mean: 4928.2900
Step: 123000, Critic Loss: 8.3703, Actor Loss: -4924.9351, Q Mean: 4925.4570
Step: 124000, Critic Loss: 6.1160, Actor Loss: -4959.6279, Q Mean: 4960.0371
Step: 125000, Critic Loss: 13.4594, Actor Loss: -4958.5151, Q Mean: 4958.9077
Step: 126000, Critic Loss: 59.8001, Actor Loss: -4960.3301, Q Mean: 4957.3794
Step: 127000, Critic Loss: 14.9182, Actor Loss: -4987.4736, Q Mean: 4988.5366
Step: 128000, Critic Loss: 2.0474, Actor Loss: -5015.3174, Q Mean: 5016.0718
Step: 129000, Critic Loss: 1.6848, Actor Loss: -5052.7075, Q Mean: 5053.4453
Step: 130000, Critic Loss: 2.2435, Actor Loss: -5080.8672, Q Mean: 5081.3721
Evaluation at step 130000: Mean Return: -1000.00 ± 0.00
Step: 131000, Critic Loss: 3.8135, Actor Loss: -5092.2778, Q Mean: 5092.6123
Step: 132000, Critic Loss: 1.3793, Actor Loss: -5147.3804, Q Mean: 5147.7178
Step: 133000, Critic Loss: 4406.6753, Actor Loss: -5197.0586, Q Mean: 5200.5498
Step: 134000, Critic Loss: 1.4522, Actor Loss: -5213.3706, Q Mean: 5213.6802
Step: 135000, Critic Loss: 1.5906, Actor Loss: -5226.5078, Q Mean: 5226.8394
Step: 136000, Critic Loss: 6.1336, Actor Loss: -5258.9805, Q Mean: 5259.3613
Step: 137000, Critic Loss: 12.3194, Actor Loss: -5276.8247, Q Mean: 5277.2021
Step: 138000, Critic Loss: 1.7265, Actor Loss: -5291.0425, Q Mean: 5291.6943
Step: 139000, Critic Loss: 0.9560, Actor Loss: -5313.7432, Q Mean: 5314.0742
Step: 140000, Critic Loss: 1.8679, Actor Loss: -5353.4443, Q Mean: 5353.9248
Evaluation at step 140000: Mean Return: -1000.00 ± 0.00
Step: 141000, Critic Loss: 226.0021, Actor Loss: -5351.0366, Q Mean: 5352.2764
Step: 142000, Critic Loss: 18.8636, Actor Loss: -5341.8398, Q Mean: 5343.3994
Step: 143000, Critic Loss: 3.3436, Actor Loss: -5383.3179, Q Mean: 5383.7188
Step: 144000, Critic Loss: 34.9863, Actor Loss: -5389.9272, Q Mean: 5369.7109
Step: 145000, Critic Loss: 4.4365, Actor Loss: -5411.7500, Q Mean: 5412.0820
Step: 146000, Critic Loss: 1.5929, Actor Loss: -5439.4951, Q Mean: 5439.7871
Step: 147000, Critic Loss: 0.6326, Actor Loss: -5495.3560, Q Mean: 5495.7002
Step: 148000, Critic Loss: 9.6669, Actor Loss: -5539.6328, Q Mean: 5539.9341
Step: 149000, Critic Loss: 6.9418, Actor Loss: -5557.3975, Q Mean: 5557.6880
Step: 150000, Critic Loss: 1.9982, Actor Loss: -5567.6807, Q Mean: 5568.1880
Evaluation at step 150000: Mean Return: -1000.00 ± 0.00
Step: 151000, Critic Loss: 6.2885, Actor Loss: -5580.7124, Q Mean: 5581.0537
Step: 152000, Critic Loss: 9.3350, Actor Loss: -5607.6826, Q Mean: 5608.5146
Step: 153000, Critic Loss: 2.1606, Actor Loss: -5630.4702, Q Mean: 5630.9004
Step: 154000, Critic Loss: 2.4340, Actor Loss: -5611.5952, Q Mean: 5612.0420
Step: 155000, Critic Loss: 1.5157, Actor Loss: -5653.2964, Q Mean: 5653.6304
Step: 156000, Critic Loss: 11.6170, Actor Loss: -5656.8130, Q Mean: 5657.1338
Step: 157000, Critic Loss: 73855.6484, Actor Loss: -5722.0996, Q Mean: 5705.6064
Step: 158000, Critic Loss: 23.2784, Actor Loss: -5719.7153, Q Mean: 5720.2075
Step: 159000, Critic Loss: 4.2805, Actor Loss: -5753.7739, Q Mean: 5754.0249
Step: 160000, Critic Loss: 21.1828, Actor Loss: -5797.8242, Q Mean: 5798.0298
Evaluation at step 160000: Mean Return: -1000.00 ± 0.00
Step: 161000, Critic Loss: 0.8923, Actor Loss: -5836.0854, Q Mean: 5836.4009
Step: 162000, Critic Loss: 6.1266, Actor Loss: -5833.1084, Q Mean: 5833.3477
Step: 163000, Critic Loss: 54668.0742, Actor Loss: -5802.8525, Q Mean: 5795.0498
Step: 164000, Critic Loss: 7.5275, Actor Loss: -5840.8286, Q Mean: 5841.1729
Step: 165000, Critic Loss: 6.1370, Actor Loss: -5864.6294, Q Mean: 5864.9360
Step: 166000, Critic Loss: 3.3738, Actor Loss: -5864.2236, Q Mean: 5864.6084
Step: 167000, Critic Loss: 2.2484, Actor Loss: -5861.6626, Q Mean: 5861.9873
Step: 168000, Critic Loss: 8.5766, Actor Loss: -5858.9155, Q Mean: 5859.2588
Step: 169000, Critic Loss: 6.8457, Actor Loss: -5863.8003, Q Mean: 5864.2227
Step: 170000, Critic Loss: 11874.8643, Actor Loss: -5860.0928, Q Mean: 5861.8530
Evaluation at step 170000: Mean Return: -1000.00 ± 0.00
Step: 171000, Critic Loss: 3.5391, Actor Loss: -5853.8242, Q Mean: 5854.1367
Step: 172000, Critic Loss: 24.4153, Actor Loss: -5874.6172, Q Mean: 5874.7637
Step: 173000, Critic Loss: 0.6095, Actor Loss: -5921.4067, Q Mean: 5921.6631
Step: 174000, Critic Loss: 199.3931, Actor Loss: -5923.5107, Q Mean: 5909.0859
Step: 175000, Critic Loss: 4.4877, Actor Loss: -5943.0400, Q Mean: 5943.3750
Step: 176000, Critic Loss: 3.2362, Actor Loss: -5939.9170, Q Mean: 5941.1455
Step: 177000, Critic Loss: 6.3068, Actor Loss: -5945.3140, Q Mean: 5945.7598
Step: 178000, Critic Loss: 222.8327, Actor Loss: -5917.5127, Q Mean: 5917.0942
Step: 179000, Critic Loss: 15.6838, Actor Loss: -5909.5850, Q Mean: 5909.9482
Step: 180000, Critic Loss: 2.8959, Actor Loss: -5937.4688, Q Mean: 5937.9199
Evaluation at step 180000: Mean Return: -1000.00 ± 0.00
Step: 181000, Critic Loss: 2.7318, Actor Loss: -5916.9526, Q Mean: 5917.6943
Step: 182000, Critic Loss: 53.7637, Actor Loss: -5909.8848, Q Mean: 5910.1367
Step: 183000, Critic Loss: 4.1118, Actor Loss: -5972.3682, Q Mean: 5949.5664
Step: 184000, Critic Loss: 15.1725, Actor Loss: -5963.6616, Q Mean: 5967.2031
Step: 185000, Critic Loss: 3.3994, Actor Loss: -5982.4688, Q Mean: 5984.8770
Step: 186000, Critic Loss: 6.6821, Actor Loss: -6011.0239, Q Mean: 6012.2598
Step: 187000, Critic Loss: 7.0303, Actor Loss: -6012.0830, Q Mean: 6013.0645
Step: 188000, Critic Loss: 1.2595, Actor Loss: -6064.0869, Q Mean: 6064.7998
Step: 189000, Critic Loss: 18.4479, Actor Loss: -6065.7637, Q Mean: 6066.3574
Step: 190000, Critic Loss: 186.1941, Actor Loss: -6081.4971, Q Mean: 6058.9956
Evaluation at step 190000: Mean Return: -1000.00 ± 0.00
Step: 191000, Critic Loss: 5.9550, Actor Loss: -6086.4844, Q Mean: 6086.8945
Step: 192000, Critic Loss: 2.2422, Actor Loss: -6089.9590, Q Mean: 6090.5933
Step: 193000, Critic Loss: 12.6427, Actor Loss: -6107.5913, Q Mean: 6095.6406
Step: 194000, Critic Loss: 3.7882, Actor Loss: -6144.9814, Q Mean: 6145.3066
Step: 195000, Critic Loss: 15.1056, Actor Loss: -6164.9004, Q Mean: 6165.3516
Step: 196000, Critic Loss: 1.6595, Actor Loss: -6169.4038, Q Mean: 6169.8633
Step: 197000, Critic Loss: 1.1074, Actor Loss: -6231.6865, Q Mean: 6232.1675
Step: 198000, Critic Loss: 3.3696, Actor Loss: -6218.0776, Q Mean: 6218.4150
Step: 199000, Critic Loss: 69.6955, Actor Loss: -6233.6445, Q Mean: 6193.8926
Step: 200000, Critic Loss: 7.5223, Actor Loss: -6291.1709, Q Mean: 6291.7031
Evaluation at step 200000: Mean Return: -1000.00 ± 0.00
Step: 201000, Critic Loss: 1.7400, Actor Loss: -6303.5981, Q Mean: 6303.9287
Step: 202000, Critic Loss: 13.8750, Actor Loss: -6280.6875, Q Mean: 6281.0210
Step: 203000, Critic Loss: 5.2585, Actor Loss: -6318.5571, Q Mean: 6318.8184
Step: 204000, Critic Loss: 39.8444, Actor Loss: -6315.5171, Q Mean: 6315.9375
Step: 205000, Critic Loss: 1.4180, Actor Loss: -6357.9546, Q Mean: 6358.2803
Step: 206000, Critic Loss: 2.0765, Actor Loss: -6401.8770, Q Mean: 6402.3115
Step: 207000, Critic Loss: 7.0864, Actor Loss: -6412.6250, Q Mean: 6388.0898
Step: 208000, Critic Loss: 1.3772, Actor Loss: -6418.3506, Q Mean: 6418.6230
Step: 209000, Critic Loss: 12.5555, Actor Loss: -6404.9062, Q Mean: 6404.9111
Step: 210000, Critic Loss: 5.5030, Actor Loss: -6456.5142, Q Mean: 6456.8184
Evaluation at step 210000: Mean Return: -1000.00 ± 0.00
Step: 211000, Critic Loss: 27.3120, Actor Loss: -6437.3110, Q Mean: 6437.5278
Step: 212000, Critic Loss: 14.0591, Actor Loss: -6458.0449, Q Mean: 6433.0444
Step: 213000, Critic Loss: 16.7898, Actor Loss: -6471.4722, Q Mean: 6471.7466
Step: 214000, Critic Loss: 0.4633, Actor Loss: -6499.5049, Q Mean: 6499.8296
Step: 215000, Critic Loss: 3.7029, Actor Loss: -6477.3438, Q Mean: 6477.8398
Step: 216000, Critic Loss: 5.0923, Actor Loss: -6482.8262, Q Mean: 6483.1538
Step: 217000, Critic Loss: 47.8468, Actor Loss: -6469.3057, Q Mean: 6458.9375
Step: 218000, Critic Loss: 7.4473, Actor Loss: -6502.7979, Q Mean: 6503.2822
Step: 219000, Critic Loss: 7.6105, Actor Loss: -6490.3486, Q Mean: 6490.5752
Step: 220000, Critic Loss: 3.2150, Actor Loss: -6504.4814, Q Mean: 6505.1924
Evaluation at step 220000: Mean Return: -1000.00 ± 0.00
Step: 221000, Critic Loss: 0.7164, Actor Loss: -6540.3149, Q Mean: 6540.6377
Step: 222000, Critic Loss: 2.1710, Actor Loss: -6523.1465, Q Mean: 6523.4526
Step: 223000, Critic Loss: 0.7477, Actor Loss: -6506.2915, Q Mean: 6506.7104
Step: 224000, Critic Loss: 0.9593, Actor Loss: -6510.8232, Q Mean: 6511.1157
Step: 225000, Critic Loss: 0.6043, Actor Loss: -6510.3706, Q Mean: 6510.7808
Step: 226000, Critic Loss: 2.0271, Actor Loss: -6494.1987, Q Mean: 6494.4688
Step: 227000, Critic Loss: 1.5246, Actor Loss: -6525.0986, Q Mean: 6525.4326
Step: 228000, Critic Loss: 17.3425, Actor Loss: -6503.0474, Q Mean: 6503.3994
Step: 229000, Critic Loss: 3.9995, Actor Loss: -6523.1890, Q Mean: 6523.5186
Step: 230000, Critic Loss: 1.0600, Actor Loss: -6517.4937, Q Mean: 6519.8418
Evaluation at step 230000: Mean Return: -1000.00 ± 0.00
Step: 231000, Critic Loss: 4.0657, Actor Loss: -6505.3525, Q Mean: 6506.2671
Step: 232000, Critic Loss: 67.6398, Actor Loss: -6508.1392, Q Mean: 6508.4600
Step: 233000, Critic Loss: 1.5708, Actor Loss: -6525.7280, Q Mean: 6526.4951
Step: 234000, Critic Loss: 6.8230, Actor Loss: -6586.2256, Q Mean: 6586.7490
Step: 235000, Critic Loss: 56.8368, Actor Loss: -6587.9565, Q Mean: 6575.1943
Step: 236000, Critic Loss: 3.3064, Actor Loss: -6647.2095, Q Mean: 6647.6304
Step: 237000, Critic Loss: 1.1638, Actor Loss: -6658.2397, Q Mean: 6658.6504
Step: 238000, Critic Loss: 49.8820, Actor Loss: -6648.0317, Q Mean: 6648.1982
Step: 239000, Critic Loss: 28.8801, Actor Loss: -6706.7231, Q Mean: 6707.1445
Step: 240000, Critic Loss: 2.3474, Actor Loss: -6727.5498, Q Mean: 6728.2041
Evaluation at step 240000: Mean Return: -1000.00 ± 0.00
Step: 241000, Critic Loss: 95.8899, Actor Loss: -6720.3125, Q Mean: 6720.3887
Step: 242000, Critic Loss: 3.8185, Actor Loss: -6720.7275, Q Mean: 6722.1445
Step: 243000, Critic Loss: 26.4871, Actor Loss: -6743.8428, Q Mean: 6718.3838
Step: 244000, Critic Loss: 16.8652, Actor Loss: -6739.9053, Q Mean: 6740.5752
Step: 245000, Critic Loss: 60.6019, Actor Loss: -6733.7427, Q Mean: 6735.0083
Step: 246000, Critic Loss: 16.7823, Actor Loss: -6724.8481, Q Mean: 6725.8984
Step: 247000, Critic Loss: 4.2646, Actor Loss: -6754.9131, Q Mean: 6755.4097
Step: 248000, Critic Loss: 4.8138, Actor Loss: -6760.0854, Q Mean: 6760.6006
Step: 249000, Critic Loss: 1.4078, Actor Loss: -6777.8164, Q Mean: 6778.3613
Step: 250000, Critic Loss: 20.1393, Actor Loss: -6791.8359, Q Mean: 6792.7422
Evaluation at step 250000: Mean Return: -1000.00 ± 0.00
Step: 251000, Critic Loss: 40.4374, Actor Loss: -6808.9043, Q Mean: 6784.3916
Step: 252000, Critic Loss: 5.3742, Actor Loss: -6820.7993, Q Mean: 6821.5054
Step: 253000, Critic Loss: 2.8614, Actor Loss: -6823.0601, Q Mean: 6823.7163
Step: 254000, Critic Loss: 5.6853, Actor Loss: -6816.1987, Q Mean: 6817.3926
Step: 255000, Critic Loss: 1.5979, Actor Loss: -6798.6128, Q Mean: 6800.8608
Step: 256000, Critic Loss: 8.8036, Actor Loss: -6788.8262, Q Mean: 6790.4238
Step: 257000, Critic Loss: 7.2659, Actor Loss: -6816.1001, Q Mean: 6817.2095
Step: 258000, Critic Loss: 2.8731, Actor Loss: -6821.8062, Q Mean: 6823.2158
Step: 259000, Critic Loss: 119.0711, Actor Loss: -6807.1045, Q Mean: 6798.8540
Step: 260000, Critic Loss: 34.9012, Actor Loss: -6810.7168, Q Mean: 6803.6069
Evaluation at step 260000: Mean Return: -1000.00 ± 0.00
Step: 261000, Critic Loss: 6.6027, Actor Loss: -6839.0444, Q Mean: 6840.5801
Step: 262000, Critic Loss: 1.5638, Actor Loss: -6847.3589, Q Mean: 6848.2705
Step: 263000, Critic Loss: 50.0697, Actor Loss: -6828.4321, Q Mean: 6829.0010
Step: 264000, Critic Loss: 3.3241, Actor Loss: -6855.1143, Q Mean: 6855.5728
Step: 265000, Critic Loss: 5.0787, Actor Loss: -6824.9116, Q Mean: 6826.1104
Step: 266000, Critic Loss: 1.4426, Actor Loss: -6849.9683, Q Mean: 6850.5239
Step: 267000, Critic Loss: 31.5136, Actor Loss: -6841.9458, Q Mean: 6842.3159
Step: 268000, Critic Loss: 199.6205, Actor Loss: -6841.9717, Q Mean: 6842.4512
Step: 269000, Critic Loss: 23.4859, Actor Loss: -6847.6709, Q Mean: 6848.2930
Step: 270000, Critic Loss: 5.6054, Actor Loss: -6816.7510, Q Mean: 6817.3525
Evaluation at step 270000: Mean Return: -1000.00 ± 0.00
Step: 271000, Critic Loss: 33.2204, Actor Loss: -6823.2051, Q Mean: 6823.5488
Step: 272000, Critic Loss: 4.0565, Actor Loss: -6828.0659, Q Mean: 6828.8247
Step: 273000, Critic Loss: 1.8675, Actor Loss: -6835.7549, Q Mean: 6836.2896
Step: 274000, Critic Loss: 4597.4946, Actor Loss: -6833.0420, Q Mean: 6830.5176
Step: 275000, Critic Loss: 0.8001, Actor Loss: -6826.3311, Q Mean: 6827.1138
Step: 276000, Critic Loss: 2.2179, Actor Loss: -6840.7178, Q Mean: 6841.6406
Step: 277000, Critic Loss: 6.4192, Actor Loss: -6866.4819, Q Mean: 6866.9268
Step: 278000, Critic Loss: 8.1021, Actor Loss: -6880.7144, Q Mean: 6881.1270
Step: 279000, Critic Loss: 2.9524, Actor Loss: -6886.3164, Q Mean: 6887.2832
Step: 280000, Critic Loss: 9.5854, Actor Loss: -6895.2729, Q Mean: 6895.9492
Evaluation at step 280000: Mean Return: -1000.00 ± 0.00
Step: 281000, Critic Loss: 2.5263, Actor Loss: -6873.8735, Q Mean: 6874.3018
Step: 282000, Critic Loss: 3.4500, Actor Loss: -6873.5010, Q Mean: 6873.8882
Step: 283000, Critic Loss: 1.4629, Actor Loss: -6886.4238, Q Mean: 6886.8340
Step: 284000, Critic Loss: 3.9662, Actor Loss: -6879.7368, Q Mean: 6880.9521
Step: 285000, Critic Loss: 6.2309, Actor Loss: -6871.9590, Q Mean: 6872.3027
Step: 286000, Critic Loss: 2.1255, Actor Loss: -6916.6611, Q Mean: 6917.1494
Step: 287000, Critic Loss: 1.7050, Actor Loss: -6929.7407, Q Mean: 6930.1963
Step: 288000, Critic Loss: 5.1346, Actor Loss: -6940.4033, Q Mean: 6940.7559
Step: 289000, Critic Loss: 2.9568, Actor Loss: -6919.7310, Q Mean: 6920.1963
Step: 290000, Critic Loss: 3.4617, Actor Loss: -6914.8545, Q Mean: 6916.3843
Evaluation at step 290000: Mean Return: -1000.00 ± 0.00
Step: 291000, Critic Loss: 1.0649, Actor Loss: -6930.3198, Q Mean: 6904.0801
Step: 292000, Critic Loss: 3.7727, Actor Loss: -6934.4868, Q Mean: 6935.0420
Step: 293000, Critic Loss: 3.0137, Actor Loss: -6942.8857, Q Mean: 6943.2793
Step: 294000, Critic Loss: 1.0811, Actor Loss: -6961.6592, Q Mean: 6962.1162
Step: 295000, Critic Loss: 2.6058, Actor Loss: -6976.1323, Q Mean: 6976.6431
Step: 296000, Critic Loss: 0.7775, Actor Loss: -7032.7124, Q Mean: 7033.1680
Step: 297000, Critic Loss: 40.7442, Actor Loss: -7050.7085, Q Mean: 7051.1895
Step: 298000, Critic Loss: 1.9220, Actor Loss: -7068.1055, Q Mean: 7068.4424
Step: 299000, Critic Loss: 5.1296, Actor Loss: -7031.6812, Q Mean: 7031.9863
Step: 300000, Critic Loss: 31.1064, Actor Loss: -7020.4302, Q Mean: 7021.1797
Evaluation at step 300000: Mean Return: -1000.00 ± 0.00
Step: 301000, Critic Loss: 0.9175, Actor Loss: -7077.3145, Q Mean: 7077.7827
Step: 302000, Critic Loss: 2.9098, Actor Loss: -7100.5073, Q Mean: 7073.2246
Step: 303000, Critic Loss: 4.0482, Actor Loss: -7102.7842, Q Mean: 7103.2471
Step: 304000, Critic Loss: 8.6104, Actor Loss: -7110.3320, Q Mean: 7110.8389
Step: 305000, Critic Loss: 1.1627, Actor Loss: -7176.1265, Q Mean: 7176.5732
Step: 306000, Critic Loss: 1.5218, Actor Loss: -7199.3901, Q Mean: 7200.0020
Step: 307000, Critic Loss: 100.2497, Actor Loss: -7133.1729, Q Mean: 7133.8638
Step: 308000, Critic Loss: 2.0653, Actor Loss: -7165.4946, Q Mean: 7166.9600
Step: 309000, Critic Loss: 1.1984, Actor Loss: -7197.0127, Q Mean: 7197.6045
Step: 310000, Critic Loss: 1.8581, Actor Loss: -7233.3604, Q Mean: 7233.8262
Evaluation at step 310000: Mean Return: -1000.00 ± 0.00
Step: 311000, Critic Loss: 10.2706, Actor Loss: -7227.9165, Q Mean: 7228.2710
Step: 312000, Critic Loss: 1.6696, Actor Loss: -7256.3750, Q Mean: 7256.7686
Step: 313000, Critic Loss: 2.3164, Actor Loss: -7326.0029, Q Mean: 7326.5293
Step: 314000, Critic Loss: 33.7132, Actor Loss: -7285.2163, Q Mean: 7285.4941
Step: 315000, Critic Loss: 8.1935, Actor Loss: -7303.4272, Q Mean: 7303.8667
Step: 316000, Critic Loss: 5.0693, Actor Loss: -7334.3711, Q Mean: 7306.2686
Step: 317000, Critic Loss: 2.6678, Actor Loss: -7333.4746, Q Mean: 7334.0630
Step: 318000, Critic Loss: 25.2594, Actor Loss: -7330.9390, Q Mean: 7318.3115
Step: 319000, Critic Loss: 1.6470, Actor Loss: -7343.0112, Q Mean: 7343.4624
Step: 320000, Critic Loss: 1.4938, Actor Loss: -7360.0537, Q Mean: 7360.4443
Evaluation at step 320000: Mean Return: -1000.00 ± 0.00
Step: 321000, Critic Loss: 1.1741, Actor Loss: -7363.7358, Q Mean: 7364.3511
Step: 322000, Critic Loss: 0.8547, Actor Loss: -7390.3853, Q Mean: 7390.7095
Step: 323000, Critic Loss: 354.2571, Actor Loss: -7417.1123, Q Mean: 7416.7549
Step: 324000, Critic Loss: 3.7280, Actor Loss: -7421.5835, Q Mean: 7421.9932
Step: 325000, Critic Loss: 4.2491, Actor Loss: -7454.3330, Q Mean: 7454.6328
Step: 326000, Critic Loss: 1.7744, Actor Loss: -7486.6772, Q Mean: 7487.0205
Step: 327000, Critic Loss: 1.7787, Actor Loss: -7498.9961, Q Mean: 7499.3037
Step: 328000, Critic Loss: 6.4008, Actor Loss: -7499.4268, Q Mean: 7499.7529
Step: 329000, Critic Loss: 3.0182, Actor Loss: -7484.2715, Q Mean: 7484.6387
Step: 330000, Critic Loss: 0.7379, Actor Loss: -7481.6099, Q Mean: 7481.9941
Evaluation at step 330000: Mean Return: -1000.00 ± 0.00
Step: 331000, Critic Loss: 1.0053, Actor Loss: -7498.8540, Q Mean: 7499.2437
Step: 332000, Critic Loss: 15.1537, Actor Loss: -7480.0923, Q Mean: 7480.5693
Step: 333000, Critic Loss: 86.3669, Actor Loss: -7475.5596, Q Mean: 7475.9424
Step: 334000, Critic Loss: 18.6576, Actor Loss: -7496.4038, Q Mean: 7467.6367
Step: 335000, Critic Loss: 17.3049, Actor Loss: -7489.0757, Q Mean: 7489.3379
Step: 336000, Critic Loss: 6.8933, Actor Loss: -7527.0723, Q Mean: 7527.3901
Step: 337000, Critic Loss: 15.1155, Actor Loss: -7489.4033, Q Mean: 7489.8359
Step: 338000, Critic Loss: 5.0624, Actor Loss: -7521.5850, Q Mean: 7521.8936
Step: 339000, Critic Loss: 13.1970, Actor Loss: -7516.9561, Q Mean: 7517.2690
Step: 340000, Critic Loss: 0.8678, Actor Loss: -7554.8076, Q Mean: 7555.0957
Evaluation at step 340000: Mean Return: -1000.00 ± 0.00
Step: 341000, Critic Loss: 2.0213, Actor Loss: -7563.3550, Q Mean: 7563.6870
Step: 342000, Critic Loss: 1.9922, Actor Loss: -7565.1548, Q Mean: 7566.1455
Step: 343000, Critic Loss: 2.3875, Actor Loss: -7565.6772, Q Mean: 7566.6182
Step: 344000, Critic Loss: 13.7621, Actor Loss: -7577.3745, Q Mean: 7577.7666
Step: 345000, Critic Loss: 1.1221, Actor Loss: -7568.6743, Q Mean: 7569.4829
Step: 346000, Critic Loss: 178.6273, Actor Loss: -7576.4707, Q Mean: 7576.9785
Step: 347000, Critic Loss: 10.1957, Actor Loss: -7591.3452, Q Mean: 7591.8740
Step: 348000, Critic Loss: 5.3444, Actor Loss: -7609.7578, Q Mean: 7610.8853
Step: 349000, Critic Loss: 1.8295, Actor Loss: -7612.2539, Q Mean: 7613.1572
Step: 350000, Critic Loss: 3.5597, Actor Loss: -7629.1602, Q Mean: 7629.6772
Evaluation at step 350000: Mean Return: -1000.00 ± 0.00
Step: 351000, Critic Loss: 0.6844, Actor Loss: -7669.7529, Q Mean: 7670.2305
Step: 352000, Critic Loss: 9.3063, Actor Loss: -7725.4727, Q Mean: 7728.2891
Step: 353000, Critic Loss: 2.7169, Actor Loss: -7674.9473, Q Mean: 7676.2998
Step: 354000, Critic Loss: 1.1037, Actor Loss: -7678.7837, Q Mean: 7679.5679
Step: 355000, Critic Loss: 0.6718, Actor Loss: -7694.1587, Q Mean: 7694.8242
Step: 356000, Critic Loss: 6.3590, Actor Loss: -7673.5630, Q Mean: 7674.1230
Step: 357000, Critic Loss: 2.3949, Actor Loss: -7701.1548, Q Mean: 7701.5532
Step: 358000, Critic Loss: 1.3633, Actor Loss: -7724.9131, Q Mean: 7725.4907
Step: 359000, Critic Loss: 1282.4948, Actor Loss: -7743.8721, Q Mean: 7715.9365
Step: 360000, Critic Loss: 5.2547, Actor Loss: -7756.1772, Q Mean: 7756.6523
Evaluation at step 360000: Mean Return: -1000.00 ± 0.00
Step: 361000, Critic Loss: 0.9599, Actor Loss: -7789.0967, Q Mean: 7789.5039
Step: 362000, Critic Loss: 16.6629, Actor Loss: -7807.9668, Q Mean: 7808.3516
Step: 363000, Critic Loss: 3.0057, Actor Loss: -7842.0786, Q Mean: 7842.8306
Step: 364000, Critic Loss: 1.5634, Actor Loss: -7816.7578, Q Mean: 7817.2334
Step: 365000, Critic Loss: 1.9338, Actor Loss: -7816.7046, Q Mean: 7818.1123
Step: 366000, Critic Loss: 2.9201, Actor Loss: -7833.1152, Q Mean: 7833.5049
Step: 367000, Critic Loss: 297.9719, Actor Loss: -7815.1660, Q Mean: 7816.3228
Step: 368000, Critic Loss: 0.6466, Actor Loss: -7837.8921, Q Mean: 7838.3242
Step: 369000, Critic Loss: 2.3577, Actor Loss: -7866.8706, Q Mean: 7867.2515
Step: 370000, Critic Loss: 3.1282, Actor Loss: -7886.6138, Q Mean: 7886.9780
Evaluation at step 370000: Mean Return: -1000.00 ± 0.00
Step: 371000, Critic Loss: 0.7509, Actor Loss: -7975.3604, Q Mean: 7975.7383
Step: 372000, Critic Loss: 0.6834, Actor Loss: -8045.8018, Q Mean: 8046.1328
Step: 373000, Critic Loss: 7.2695, Actor Loss: -8039.2759, Q Mean: 8039.8501
Step: 374000, Critic Loss: 1.3959, Actor Loss: -8020.9624, Q Mean: 8021.2627
Step: 375000, Critic Loss: 1.4427, Actor Loss: -8022.6040, Q Mean: 8022.9780
Step: 376000, Critic Loss: 0.9658, Actor Loss: -8060.4824, Q Mean: 8060.8174
Step: 377000, Critic Loss: 3.1338, Actor Loss: -8115.3838, Q Mean: 8115.7207
Step: 378000, Critic Loss: 6.2199, Actor Loss: -8112.4771, Q Mean: 8112.8926
Step: 379000, Critic Loss: 4.0447, Actor Loss: -8111.1929, Q Mean: 8111.5703
Step: 380000, Critic Loss: 2.2065, Actor Loss: -8103.1509, Q Mean: 8103.5962
Evaluation at step 380000: Mean Return: -1000.00 ± 0.00
Step: 381000, Critic Loss: 20.9459, Actor Loss: -8126.0967, Q Mean: 8126.6162
Step: 382000, Critic Loss: 3.3371, Actor Loss: -8116.6973, Q Mean: 8117.0176
Step: 383000, Critic Loss: 0.8241, Actor Loss: -8142.1626, Q Mean: 8142.6914
Step: 384000, Critic Loss: 5.5423, Actor Loss: -8133.9268, Q Mean: 8134.2671
Step: 385000, Critic Loss: 0.6759, Actor Loss: -8142.3496, Q Mean: 8142.6387
Step: 386000, Critic Loss: 2.5066, Actor Loss: -8140.8340, Q Mean: 8141.1436
Step: 387000, Critic Loss: 26.0034, Actor Loss: -8174.1016, Q Mean: 8142.9434
Step: 388000, Critic Loss: 58.0514, Actor Loss: -8234.6445, Q Mean: 8234.6992
Step: 389000, Critic Loss: 3.5314, Actor Loss: -8232.7334, Q Mean: 8201.0703
Step: 390000, Critic Loss: 3.5217, Actor Loss: -8292.8418, Q Mean: 8293.0801
Evaluation at step 390000: Mean Return: -1000.00 ± 0.00
Step: 391000, Critic Loss: 14.5579, Actor Loss: -8265.7422, Q Mean: 8266.4746
Step: 392000, Critic Loss: 3.3494, Actor Loss: -8286.7461, Q Mean: 8287.1816
Step: 393000, Critic Loss: 1.2557, Actor Loss: -8306.3369, Q Mean: 8306.9492
Step: 394000, Critic Loss: 6.1799, Actor Loss: -8320.6904, Q Mean: 8321.1816
Step: 395000, Critic Loss: 1.7185, Actor Loss: -8355.9854, Q Mean: 8356.4023
Step: 396000, Critic Loss: 0.8557, Actor Loss: -8458.4883, Q Mean: 8458.9033
Step: 397000, Critic Loss: 13.6010, Actor Loss: -8478.7979, Q Mean: 8479.1240
Step: 398000, Critic Loss: 1.6563, Actor Loss: -8522.2920, Q Mean: 8522.8809
Step: 399000, Critic Loss: 2.9805, Actor Loss: -8522.0234, Q Mean: 8522.5322
Step: 400000, Critic Loss: 1.5099, Actor Loss: -8526.3135, Q Mean: 8526.7344
Evaluation at step 400000: Mean Return: -1000.00 ± 0.00
Step: 401000, Critic Loss: 8.5351, Actor Loss: -8482.5557, Q Mean: 8483.0410
Step: 402000, Critic Loss: 10.7055, Actor Loss: -8461.7236, Q Mean: 8429.2686
Step: 403000, Critic Loss: 5.5559, Actor Loss: -8482.8740, Q Mean: 8483.3447
Step: 404000, Critic Loss: 2.6021, Actor Loss: -8525.1250, Q Mean: 8525.4648
Step: 405000, Critic Loss: 1.5131, Actor Loss: -8560.2773, Q Mean: 8560.7422
Step: 406000, Critic Loss: 1.8589, Actor Loss: -8548.6113, Q Mean: 8548.9736
Step: 407000, Critic Loss: 0.8965, Actor Loss: -8536.3994, Q Mean: 8536.8232
Step: 408000, Critic Loss: 3.1258, Actor Loss: -8500.9375, Q Mean: 8501.3975
Step: 409000, Critic Loss: 136.3289, Actor Loss: -8502.8770, Q Mean: 8503.7725
Step: 410000, Critic Loss: 17.3478, Actor Loss: -8537.8574, Q Mean: 8505.1055
Evaluation at step 410000: Mean Return: -1000.00 ± 0.00
Step: 411000, Critic Loss: 3.6233, Actor Loss: -8532.4121, Q Mean: 8533.4395
Step: 412000, Critic Loss: 46.4984, Actor Loss: -8529.9326, Q Mean: 8502.7812
Step: 413000, Critic Loss: 0.8255, Actor Loss: -8548.6406, Q Mean: 8519.1660
Step: 414000, Critic Loss: 1193.7689, Actor Loss: -8553.6689, Q Mean: 8522.2578
Step: 415000, Critic Loss: 11.6485, Actor Loss: -8571.6455, Q Mean: 8572.2500
Step: 416000, Critic Loss: 34.2995, Actor Loss: -8552.7412, Q Mean: 8553.2510
Step: 417000, Critic Loss: 1.9349, Actor Loss: -8582.7539, Q Mean: 8583.1768
Step: 418000, Critic Loss: 3.3162, Actor Loss: -8577.7607, Q Mean: 8578.1973
Step: 419000, Critic Loss: 0.8606, Actor Loss: -8565.9414, Q Mean: 8566.3496
Step: 420000, Critic Loss: 3.0628, Actor Loss: -8592.5508, Q Mean: 8593.1650
Evaluation at step 420000: Mean Return: -1000.00 ± 0.00
Step: 421000, Critic Loss: 1.6801, Actor Loss: -8577.2119, Q Mean: 8577.6738
Step: 422000, Critic Loss: 3.7937, Actor Loss: -8605.6660, Q Mean: 8606.1631
Step: 423000, Critic Loss: 7.1330, Actor Loss: -8605.0820, Q Mean: 8605.5898
Step: 424000, Critic Loss: 11.7333, Actor Loss: -8572.9502, Q Mean: 8573.6914
Step: 425000, Critic Loss: 2.0973, Actor Loss: -8570.5879, Q Mean: 8571.4551
Step: 426000, Critic Loss: 34.4528, Actor Loss: -8582.3604, Q Mean: 8550.0723
Step: 427000, Critic Loss: 1.5354, Actor Loss: -8590.5439, Q Mean: 8591.0312
Step: 428000, Critic Loss: 48.9324, Actor Loss: -8568.6318, Q Mean: 8570.0273
Step: 429000, Critic Loss: 4.5503, Actor Loss: -8582.0508, Q Mean: 8582.6914
Step: 430000, Critic Loss: 4.1947, Actor Loss: -8587.2354, Q Mean: 8587.7646
Evaluation at step 430000: Mean Return: -1000.00 ± 0.00
Step: 431000, Critic Loss: 0.5878, Actor Loss: -8640.7021, Q Mean: 8641.3027
Step: 432000, Critic Loss: 8.0738, Actor Loss: -8641.6748, Q Mean: 8642.0273
Step: 433000, Critic Loss: 10.7578, Actor Loss: -8677.4434, Q Mean: 8677.9326
Step: 434000, Critic Loss: 7.1880, Actor Loss: -8733.4092, Q Mean: 8733.7578
Step: 435000, Critic Loss: 31.8220, Actor Loss: -8756.0566, Q Mean: 8756.8223
Step: 436000, Critic Loss: 2.6996, Actor Loss: -8760.7520, Q Mean: 8761.1328
Step: 437000, Critic Loss: 15.1949, Actor Loss: -8797.4414, Q Mean: 8797.7227
Step: 438000, Critic Loss: 51.9183, Actor Loss: -8800.6104, Q Mean: 8800.2305
Step: 439000, Critic Loss: 15120.1484, Actor Loss: -8811.8203, Q Mean: 8806.2930
Step: 440000, Critic Loss: 196.2588, Actor Loss: -8800.3506, Q Mean: 8802.1797
Evaluation at step 440000: Mean Return: -1000.00 ± 0.00
Step: 441000, Critic Loss: 6.9488, Actor Loss: -8823.8516, Q Mean: 8824.5176
Step: 442000, Critic Loss: 5.0616, Actor Loss: -8851.8311, Q Mean: 8852.2969
Step: 443000, Critic Loss: 8.1745, Actor Loss: -8842.9453, Q Mean: 8843.4062
Step: 444000, Critic Loss: 1.7892, Actor Loss: -8817.4434, Q Mean: 8817.9189
Step: 445000, Critic Loss: 2.5889, Actor Loss: -8807.7676, Q Mean: 8808.5098
Step: 446000, Critic Loss: 78.2260, Actor Loss: -8782.2256, Q Mean: 8782.6299
Step: 447000, Critic Loss: 20.9209, Actor Loss: -8792.9863, Q Mean: 8793.4453
Step: 448000, Critic Loss: 0.8594, Actor Loss: -8813.0723, Q Mean: 8813.5020
Step: 449000, Critic Loss: 8.8892, Actor Loss: -8836.7822, Q Mean: 8837.4619
Step: 450000, Critic Loss: 1.3372, Actor Loss: -8829.7168, Q Mean: 8830.1562
Evaluation at step 450000: Mean Return: -1000.00 ± 0.00
Step: 451000, Critic Loss: 1.9090, Actor Loss: -8818.2754, Q Mean: 8818.6992
Step: 452000, Critic Loss: 0.9884, Actor Loss: -8876.9014, Q Mean: 8877.3193
Step: 453000, Critic Loss: 8.4865, Actor Loss: -8845.6357, Q Mean: 8846.0645
Step: 454000, Critic Loss: 9.6828, Actor Loss: -8848.4775, Q Mean: 8814.5674
Step: 455000, Critic Loss: 1.7576, Actor Loss: -8867.5469, Q Mean: 8868.4600
Step: 456000, Critic Loss: 3.3968, Actor Loss: -8847.9980, Q Mean: 8848.5840
Step: 457000, Critic Loss: 1.1586, Actor Loss: -8816.7734, Q Mean: 8817.2949
Step: 458000, Critic Loss: 115.2367, Actor Loss: -8831.5791, Q Mean: 8832.0684
Step: 459000, Critic Loss: 48.1334, Actor Loss: -8821.7881, Q Mean: 8787.5684
Step: 460000, Critic Loss: 7.4727, Actor Loss: -8905.5098, Q Mean: 8905.8223
Evaluation at step 460000: Mean Return: -1000.00 ± 0.00
Step: 461000, Critic Loss: 0.9501, Actor Loss: -8867.0078, Q Mean: 8867.5791
Step: 462000, Critic Loss: 15.5024, Actor Loss: -8824.5859, Q Mean: 8825.0713
Step: 463000, Critic Loss: 7.0428, Actor Loss: -8826.6973, Q Mean: 8827.0664
Step: 464000, Critic Loss: 9.5907, Actor Loss: -8819.9150, Q Mean: 8820.3857
Step: 465000, Critic Loss: 1.5162, Actor Loss: -8821.9062, Q Mean: 8822.7598
Step: 466000, Critic Loss: 0.5919, Actor Loss: -8820.8496, Q Mean: 8821.3799
Step: 467000, Critic Loss: 64.7740, Actor Loss: -8834.7939, Q Mean: 8835.2988
Step: 468000, Critic Loss: 99.8860, Actor Loss: -8842.9150, Q Mean: 8843.3818
Step: 469000, Critic Loss: 57.9214, Actor Loss: -8782.8125, Q Mean: 8769.3418
Step: 470000, Critic Loss: 0.7516, Actor Loss: -8809.0801, Q Mean: 8809.6211
Evaluation at step 470000: Mean Return: -1000.00 ± 0.00
Step: 471000, Critic Loss: 37.6030, Actor Loss: -8793.3320, Q Mean: 8794.9375
Step: 472000, Critic Loss: 292.0826, Actor Loss: -8775.4434, Q Mean: 8775.2734
Step: 473000, Critic Loss: 4.8775, Actor Loss: -8822.5977, Q Mean: 8823.0830
Step: 474000, Critic Loss: 1.8037, Actor Loss: -8844.9805, Q Mean: 8845.3809
Step: 475000, Critic Loss: 3.4087, Actor Loss: -8835.2988, Q Mean: 8835.7490
Step: 476000, Critic Loss: 43.7935, Actor Loss: -8842.7432, Q Mean: 8843.9873
Step: 477000, Critic Loss: 3.2715, Actor Loss: -8868.8691, Q Mean: 8869.3457
Step: 478000, Critic Loss: 15.2567, Actor Loss: -8860.8340, Q Mean: 8826.6758
Step: 479000, Critic Loss: 0.8831, Actor Loss: -8884.5586, Q Mean: 8885.0820
Step: 480000, Critic Loss: 1.3421, Actor Loss: -8887.4912, Q Mean: 8887.9795
Evaluation at step 480000: Mean Return: -1000.00 ± 0.00
Step: 481000, Critic Loss: 3.7135, Actor Loss: -8871.0938, Q Mean: 8871.5732
Step: 482000, Critic Loss: 38.3240, Actor Loss: -8878.7910, Q Mean: 8879.2461
Step: 483000, Critic Loss: 10.7594, Actor Loss: -8868.3623, Q Mean: 8868.8125
Step: 484000, Critic Loss: 35.2644, Actor Loss: -8845.7148, Q Mean: 8846.3789
Step: 485000, Critic Loss: 2.4476, Actor Loss: -8852.0459, Q Mean: 8852.4766
Step: 486000, Critic Loss: 1.1237, Actor Loss: -8880.0840, Q Mean: 8880.4512
Step: 487000, Critic Loss: 5.8927, Actor Loss: -8848.7969, Q Mean: 8814.6904
Step: 488000, Critic Loss: 0.9423, Actor Loss: -8844.9219, Q Mean: 8845.3350
Step: 489000, Critic Loss: 2.3602, Actor Loss: -8846.4941, Q Mean: 8846.8623
Step: 490000, Critic Loss: 3.3857, Actor Loss: -8846.5781, Q Mean: 8846.9473
Evaluation at step 490000: Mean Return: -1000.00 ± 0.00
Step: 491000, Critic Loss: 2.3523, Actor Loss: -8822.3828, Q Mean: 8822.8857
Step: 492000, Critic Loss: 6.5354, Actor Loss: -8808.5137, Q Mean: 8810.4297
Step: 493000, Critic Loss: 3.8676, Actor Loss: -8795.5938, Q Mean: 8795.9980
Step: 494000, Critic Loss: 1.3403, Actor Loss: -8817.3887, Q Mean: 8817.8418
Step: 495000, Critic Loss: 1.5356, Actor Loss: -8833.8008, Q Mean: 8834.2051
Step: 496000, Critic Loss: 5.9111, Actor Loss: -8856.5596, Q Mean: 8857.0762
Step: 497000, Critic Loss: 55.3419, Actor Loss: -8833.9580, Q Mean: 8815.2832
Step: 498000, Critic Loss: 304.5705, Actor Loss: -8850.4980, Q Mean: 8851.4443
Step: 499000, Critic Loss: 24.4416, Actor Loss: -8840.2842, Q Mean: 8841.0020
Step: 500000, Critic Loss: 2.7929, Actor Loss: -8845.7061, Q Mean: 8811.6914
Evaluation at step 500000: Mean Return: -1000.00 ± 0.00
Step: 501000, Critic Loss: 8.2716, Actor Loss: -8844.1484, Q Mean: 8844.7402
Step: 502000, Critic Loss: 1.4096, Actor Loss: -8860.0586, Q Mean: 8860.5088
Step: 503000, Critic Loss: 4.4092, Actor Loss: -8851.2461, Q Mean: 8851.6680
Step: 504000, Critic Loss: 10.9165, Actor Loss: -8849.2568, Q Mean: 8849.7334
Step: 505000, Critic Loss: 8.5267, Actor Loss: -8889.6875, Q Mean: 8890.1416
Step: 506000, Critic Loss: 96.6067, Actor Loss: -8936.9170, Q Mean: 8937.3975
Step: 507000, Critic Loss: 1.0398, Actor Loss: -8971.0801, Q Mean: 8971.6289
Step: 508000, Critic Loss: 1.6669, Actor Loss: -8975.5508, Q Mean: 8976.0254
Step: 509000, Critic Loss: 21.2231, Actor Loss: -8963.3066, Q Mean: 8929.8105
Step: 510000, Critic Loss: 6.0897, Actor Loss: -8962.8984, Q Mean: 8963.2998
Evaluation at step 510000: Mean Return: -1000.00 ± 0.00
Step: 511000, Critic Loss: 3.0252, Actor Loss: -9012.9844, Q Mean: 9013.3770
Step: 512000, Critic Loss: 1.7567, Actor Loss: -9005.2402, Q Mean: 9005.6855
Step: 513000, Critic Loss: 1.8210, Actor Loss: -9018.9971, Q Mean: 9019.3945
Step: 514000, Critic Loss: 3.8420, Actor Loss: -9048.4941, Q Mean: 9049.0068
Step: 515000, Critic Loss: 3.9088, Actor Loss: -9088.1777, Q Mean: 9088.6309
Step: 516000, Critic Loss: 2.0906, Actor Loss: -9070.1113, Q Mean: 9070.5918
Step: 517000, Critic Loss: 1.7678, Actor Loss: -9106.5918, Q Mean: 9107.0156
Step: 518000, Critic Loss: 7.9773, Actor Loss: -9141.8818, Q Mean: 9106.7393
Step: 519000, Critic Loss: 1.7605, Actor Loss: -9149.1768, Q Mean: 9149.5557
Step: 520000, Critic Loss: 0.6083, Actor Loss: -9201.4277, Q Mean: 9201.8867
Evaluation at step 520000: Mean Return: -1000.00 ± 0.00
Step: 521000, Critic Loss: 11.6456, Actor Loss: -9244.6191, Q Mean: 9245.2637
Step: 522000, Critic Loss: 2.5613, Actor Loss: -9256.1934, Q Mean: 9256.7129
Step: 523000, Critic Loss: 163.2199, Actor Loss: -9226.1777, Q Mean: 9227.3701
Step: 524000, Critic Loss: 59.6700, Actor Loss: -9241.7852, Q Mean: 9242.2695
Step: 525000, Critic Loss: 11.4160, Actor Loss: -9273.9502, Q Mean: 9274.4189
Step: 526000, Critic Loss: 55.2709, Actor Loss: -9237.1260, Q Mean: 9237.6250
Step: 527000, Critic Loss: 10.5417, Actor Loss: -9257.7266, Q Mean: 9258.0850
Step: 528000, Critic Loss: 9.8520, Actor Loss: -9218.9795, Q Mean: 9219.5215
Step: 529000, Critic Loss: 14.2310, Actor Loss: -9229.0029, Q Mean: 9193.6387
Step: 530000, Critic Loss: 3.2331, Actor Loss: -9234.9170, Q Mean: 9236.4570
Evaluation at step 530000: Mean Return: -1000.00 ± 0.00
Step: 531000, Critic Loss: 4.5589, Actor Loss: -9240.6670, Q Mean: 9241.1963
Step: 532000, Critic Loss: 0.9664, Actor Loss: -9232.2852, Q Mean: 9233.0293
Step: 533000, Critic Loss: 1176.9171, Actor Loss: -9216.6641, Q Mean: 9215.6846
Step: 534000, Critic Loss: 0.3620, Actor Loss: -9250.8369, Q Mean: 9251.3047
Step: 535000, Critic Loss: 0.8330, Actor Loss: -9238.5947, Q Mean: 9239.1768
Step: 536000, Critic Loss: 3.2658, Actor Loss: -9212.1953, Q Mean: 9212.5674
Step: 537000, Critic Loss: 78647.5781, Actor Loss: -9209.2129, Q Mean: 9186.7598
Step: 538000, Critic Loss: 2.2827, Actor Loss: -9221.4668, Q Mean: 9222.0654
Step: 539000, Critic Loss: 6.7323, Actor Loss: -9209.3311, Q Mean: 9209.7832
Step: 540000, Critic Loss: 1.5362, Actor Loss: -9193.6064, Q Mean: 9194.0078
Evaluation at step 540000: Mean Return: -1000.00 ± 0.00
Step: 541000, Critic Loss: 3.5765, Actor Loss: -9186.8418, Q Mean: 9187.3818
Step: 542000, Critic Loss: 48.4959, Actor Loss: -9194.2490, Q Mean: 9158.9629
Step: 543000, Critic Loss: 8709.4580, Actor Loss: -9201.1133, Q Mean: 9197.9043
Step: 544000, Critic Loss: 2.3479, Actor Loss: -9183.6523, Q Mean: 9184.4434
Step: 545000, Critic Loss: 1.1839, Actor Loss: -9247.0967, Q Mean: 9247.5742
Step: 546000, Critic Loss: 3.6940, Actor Loss: -9297.9932, Q Mean: 9298.4629
Step: 547000, Critic Loss: 0.7913, Actor Loss: -9344.9355, Q Mean: 9345.4512
Step: 548000, Critic Loss: 11.8608, Actor Loss: -9319.6875, Q Mean: 9320.0605
Step: 549000, Critic Loss: 9.8517, Actor Loss: -9312.3516, Q Mean: 9313.0488
Step: 550000, Critic Loss: 6.2510, Actor Loss: -9314.2422, Q Mean: 9314.7256
Evaluation at step 550000: Mean Return: -1000.00 ± 0.00
Step: 551000, Critic Loss: 83.1823, Actor Loss: -9298.9824, Q Mean: 9299.3584
Step: 552000, Critic Loss: 1.5989, Actor Loss: -9348.5967, Q Mean: 9349.0293
Step: 553000, Critic Loss: 27.1721, Actor Loss: -9321.2275, Q Mean: 9321.8496
Step: 554000, Critic Loss: 12.6976, Actor Loss: -9355.6582, Q Mean: 9356.1826
Step: 555000, Critic Loss: 1.7290, Actor Loss: -9393.5234, Q Mean: 9394.2422
Step: 556000, Critic Loss: 8.4163, Actor Loss: -9465.2998, Q Mean: 9465.7207
Step: 557000, Critic Loss: 6.4034, Actor Loss: -9512.3955, Q Mean: 9512.9463
Step: 558000, Critic Loss: 3.6883, Actor Loss: -9502.4648, Q Mean: 9503.1680
Step: 559000, Critic Loss: 1.4403, Actor Loss: -9470.1367, Q Mean: 9470.6807
Step: 560000, Critic Loss: 8.2530, Actor Loss: -9406.9121, Q Mean: 9407.2480
Evaluation at step 560000: Mean Return: -1000.00 ± 0.00
Step: 561000, Critic Loss: 5.2886, Actor Loss: -9407.2266, Q Mean: 9407.6113
Step: 562000, Critic Loss: 26.7003, Actor Loss: -9395.6523, Q Mean: 9361.2598
Step: 563000, Critic Loss: 4.6282, Actor Loss: -9416.8359, Q Mean: 9417.2461
Step: 564000, Critic Loss: 3.8240, Actor Loss: -9461.3506, Q Mean: 9461.9434
Step: 565000, Critic Loss: 12.2799, Actor Loss: -9468.0840, Q Mean: 9431.8555
Step: 566000, Critic Loss: 2.6122, Actor Loss: -9528.7832, Q Mean: 9529.3027
Step: 567000, Critic Loss: 1.4146, Actor Loss: -9603.2480, Q Mean: 9603.8711
Step: 568000, Critic Loss: 0.5118, Actor Loss: -9627.2500, Q Mean: 9627.9707
Step: 569000, Critic Loss: 1.9635, Actor Loss: -9566.8594, Q Mean: 9567.7461
Step: 570000, Critic Loss: 4.9561, Actor Loss: -9508.8047, Q Mean: 9509.3828
Evaluation at step 570000: Mean Return: -1000.00 ± 0.00
Step: 571000, Critic Loss: 20.6920, Actor Loss: -9475.5449, Q Mean: 9476.4023
Step: 572000, Critic Loss: 3.3500, Actor Loss: -9460.8555, Q Mean: 9461.3867
Step: 573000, Critic Loss: 1.7703, Actor Loss: -9454.3828, Q Mean: 9454.7988
Step: 574000, Critic Loss: 4.2420, Actor Loss: -9450.9443, Q Mean: 9451.5840
Step: 575000, Critic Loss: 57.3624, Actor Loss: -9416.7588, Q Mean: 9380.7305
Step: 576000, Critic Loss: 6.4334, Actor Loss: -9369.3818, Q Mean: 9369.8496
Step: 577000, Critic Loss: 3.4476, Actor Loss: -9365.6309, Q Mean: 9366.3779
Step: 578000, Critic Loss: 7.9086, Actor Loss: -9381.1211, Q Mean: 9345.5186
Step: 579000, Critic Loss: 23.2409, Actor Loss: -9418.6348, Q Mean: 9419.5684
Step: 580000, Critic Loss: 1.9258, Actor Loss: -9433.9297, Q Mean: 9434.7578
Evaluation at step 580000: Mean Return: -1000.00 ± 0.00
Step: 581000, Critic Loss: 1.7182, Actor Loss: -9451.7422, Q Mean: 9452.1152
Step: 582000, Critic Loss: 1.1174, Actor Loss: -9494.6514, Q Mean: 9495.1133
Step: 583000, Critic Loss: 7.0917, Actor Loss: -9527.4746, Q Mean: 9528.5830
Step: 584000, Critic Loss: 2.1263, Actor Loss: -9568.0977, Q Mean: 9568.9746
Step: 585000, Critic Loss: 12.8556, Actor Loss: -9581.1973, Q Mean: 9544.5713
Step: 586000, Critic Loss: 17.3563, Actor Loss: -9568.7148, Q Mean: 9569.1318
Step: 587000, Critic Loss: 23.1269, Actor Loss: -9583.6455, Q Mean: 9547.1396
Step: 588000, Critic Loss: 2.1256, Actor Loss: -9586.7705, Q Mean: 9587.3613
Step: 589000, Critic Loss: 22.0274, Actor Loss: -9530.8555, Q Mean: 9531.3027
Step: 590000, Critic Loss: 1.5639, Actor Loss: -9602.2676, Q Mean: 9602.7930
Evaluation at step 590000: Mean Return: -1000.00 ± 0.00
Step: 591000, Critic Loss: 2.3571, Actor Loss: -9568.1650, Q Mean: 9569.1133
Step: 592000, Critic Loss: 1.4865, Actor Loss: -9570.7949, Q Mean: 9571.3252
Step: 593000, Critic Loss: 2.5222, Actor Loss: -9572.6787, Q Mean: 9573.1641
Step: 594000, Critic Loss: 1.5573, Actor Loss: -9525.1387, Q Mean: 9526.2227
Step: 595000, Critic Loss: 1.1122, Actor Loss: -9531.5439, Q Mean: 9532.0381
Step: 596000, Critic Loss: 15.8489, Actor Loss: -9542.1221, Q Mean: 9542.6680
Step: 597000, Critic Loss: 5.6497, Actor Loss: -9536.8535, Q Mean: 9537.5879
Step: 598000, Critic Loss: 66.2271, Actor Loss: -9533.1016, Q Mean: 9534.5137
Step: 599000, Critic Loss: 1.1227, Actor Loss: -9541.5156, Q Mean: 9542.1660
Step: 600000, Critic Loss: 3.4700, Actor Loss: -9530.1211, Q Mean: 9530.9824
Evaluation at step 600000: Mean Return: -1000.00 ± 0.00
Step: 601000, Critic Loss: 61.3282, Actor Loss: -9536.2139, Q Mean: 9536.5762
Step: 602000, Critic Loss: 1.8810, Actor Loss: -9545.9512, Q Mean: 9546.3994
Step: 603000, Critic Loss: 8.9327, Actor Loss: -9559.6406, Q Mean: 9560.1777
Step: 604000, Critic Loss: 1.8279, Actor Loss: -9601.1348, Q Mean: 9601.6846
Step: 605000, Critic Loss: 35.2076, Actor Loss: -9634.9180, Q Mean: 9635.6309
Step: 606000, Critic Loss: 6.3747, Actor Loss: -9633.2158, Q Mean: 9633.9580
Step: 607000, Critic Loss: 3.1279, Actor Loss: -9691.8086, Q Mean: 9655.5645
Step: 608000, Critic Loss: 1.1675, Actor Loss: -9671.6943, Q Mean: 9672.5322
Step: 609000, Critic Loss: 1.5281, Actor Loss: -9712.6309, Q Mean: 9713.3066
Step: 610000, Critic Loss: 19.6441, Actor Loss: -9721.8975, Q Mean: 9690.2012
Evaluation at step 610000: Mean Return: -1000.00 ± 0.00
Step: 611000, Critic Loss: 4.7656, Actor Loss: -9719.3457, Q Mean: 9719.9775
Step: 612000, Critic Loss: 1.4555, Actor Loss: -9769.1934, Q Mean: 9769.6328
Step: 613000, Critic Loss: 0.9416, Actor Loss: -9898.3955, Q Mean: 9898.9004
Step: 614000, Critic Loss: 1.1403, Actor Loss: -9883.9590, Q Mean: 9884.3291
Step: 615000, Critic Loss: 2.6780, Actor Loss: -9857.5898, Q Mean: 9858.2461
Step: 616000, Critic Loss: 7.4693, Actor Loss: -9809.8193, Q Mean: 9810.4766
Step: 617000, Critic Loss: 7.5021, Actor Loss: -9865.8750, Q Mean: 9866.3320
Step: 618000, Critic Loss: 6.4539, Actor Loss: -9862.8271, Q Mean: 9863.4316
Step: 619000, Critic Loss: 2.4493, Actor Loss: -9838.1943, Q Mean: 9838.6035
Step: 620000, Critic Loss: 3.1241, Actor Loss: -9857.0352, Q Mean: 9857.4766
Evaluation at step 620000: Mean Return: -1000.00 ± 0.00
Step: 621000, Critic Loss: 2.2883, Actor Loss: -9840.3135, Q Mean: 9840.7266
Step: 622000, Critic Loss: 3.9371, Actor Loss: -9863.8105, Q Mean: 9864.3613
Step: 623000, Critic Loss: 163.5345, Actor Loss: -9879.4922, Q Mean: 9880.4678
Step: 624000, Critic Loss: 4.8365, Actor Loss: -9954.8232, Q Mean: 9955.1670
Step: 625000, Critic Loss: 0.5599, Actor Loss: -10025.6924, Q Mean: 10026.2393
Step: 626000, Critic Loss: 38.1795, Actor Loss: -9971.5059, Q Mean: 9972.0205
Step: 627000, Critic Loss: 2.9974, Actor Loss: -9979.8242, Q Mean: 9980.4707
Step: 628000, Critic Loss: 4.8065, Actor Loss: -9975.9043, Q Mean: 9976.5469
Step: 629000, Critic Loss: 3.0891, Actor Loss: -9958.9688, Q Mean: 9959.5449
Step: 630000, Critic Loss: 7.4886, Actor Loss: -9945.5664, Q Mean: 9946.3223
Evaluation at step 630000: Mean Return: -1000.00 ± 0.00
Step: 631000, Critic Loss: 280.1460, Actor Loss: -9908.2812, Q Mean: 9908.8984
Step: 632000, Critic Loss: 23.9810, Actor Loss: -9896.4482, Q Mean: 9896.8193
Step: 633000, Critic Loss: 1.8411, Actor Loss: -9917.9746, Q Mean: 9918.5117
Step: 634000, Critic Loss: 31.7847, Actor Loss: -9911.0957, Q Mean: 9911.5557
Step: 635000, Critic Loss: 158.0053, Actor Loss: -9878.2207, Q Mean: 9879.7158
Step: 636000, Critic Loss: 15130.1143, Actor Loss: -9881.4854, Q Mean: 9838.0898
Step: 637000, Critic Loss: 7.0823, Actor Loss: -9924.1465, Q Mean: 9924.6279
Step: 638000, Critic Loss: 5.7681, Actor Loss: -9956.3760, Q Mean: 9956.8418
Step: 639000, Critic Loss: 1.4721, Actor Loss: -9952.5938, Q Mean: 9953.0449
Step: 640000, Critic Loss: 21.7822, Actor Loss: -9907.3418, Q Mean: 9869.5205
Evaluation at step 640000: Mean Return: -1000.00 ± 0.00
Step: 641000, Critic Loss: 5.6123, Actor Loss: -9862.0488, Q Mean: 9863.2246
Step: 642000, Critic Loss: 2.7082, Actor Loss: -9856.6660, Q Mean: 9857.3027
Step: 643000, Critic Loss: 10.4430, Actor Loss: -9921.1338, Q Mean: 9922.0312
Step: 644000, Critic Loss: 2.8235, Actor Loss: -9982.2314, Q Mean: 9982.8477
Step: 645000, Critic Loss: 75.7916, Actor Loss: -9996.2344, Q Mean: 9996.7910
Step: 646000, Critic Loss: 21.0987, Actor Loss: -10008.6318, Q Mean: 9970.2559
Step: 647000, Critic Loss: 11.6459, Actor Loss: -9977.5088, Q Mean: 9959.3545
Step: 648000, Critic Loss: 80.9805, Actor Loss: -10024.4395, Q Mean: 10011.7539
Step: 649000, Critic Loss: 1.0462, Actor Loss: -10027.3574, Q Mean: 10028.0117
Step: 650000, Critic Loss: 1.1380, Actor Loss: -9989.8027, Q Mean: 9951.3418
Evaluation at step 650000: Mean Return: -1000.00 ± 0.00
Step: 651000, Critic Loss: 11.2571, Actor Loss: -9988.8965, Q Mean: 9950.8340
Step: 652000, Critic Loss: 10120.4453, Actor Loss: -9982.4990, Q Mean: 9948.5762
Step: 653000, Critic Loss: 2.9137, Actor Loss: -10005.2646, Q Mean: 10005.8457
Step: 654000, Critic Loss: 1.9691, Actor Loss: -10055.1270, Q Mean: 10055.7168
Step: 655000, Critic Loss: 20.8743, Actor Loss: -10056.8115, Q Mean: 10057.0938
Step: 656000, Critic Loss: 23.9112, Actor Loss: -10073.7178, Q Mean: 10074.1641
Step: 657000, Critic Loss: 7.6867, Actor Loss: -10061.0146, Q Mean: 10061.4707
Step: 658000, Critic Loss: 7.8283, Actor Loss: -10072.0303, Q Mean: 10072.7168
Step: 659000, Critic Loss: 1.3390, Actor Loss: -10041.5723, Q Mean: 10042.1113
Step: 660000, Critic Loss: 6.4720, Actor Loss: -9981.9404, Q Mean: 9983.8965
Evaluation at step 660000: Mean Return: -1000.00 ± 0.00
Step: 661000, Critic Loss: 2.4312, Actor Loss: -9975.4619, Q Mean: 9976.1523
Step: 662000, Critic Loss: 1.9162, Actor Loss: -9982.7158, Q Mean: 9983.3184
Step: 663000, Critic Loss: 14.0598, Actor Loss: -9975.5518, Q Mean: 9949.6465
Step: 664000, Critic Loss: 1.8074, Actor Loss: -10039.3457, Q Mean: 10039.9932
Step: 665000, Critic Loss: 5.5291, Actor Loss: -10051.8633, Q Mean: 10013.0713
Step: 666000, Critic Loss: 0.8578, Actor Loss: -10079.7070, Q Mean: 10080.7148
Step: 667000, Critic Loss: 89.7533, Actor Loss: -10081.2314, Q Mean: 10059.8730
Step: 668000, Critic Loss: 1845.8457, Actor Loss: -10053.2373, Q Mean: 10052.3789
Step: 669000, Critic Loss: 18.3524, Actor Loss: -10108.7861, Q Mean: 10109.4531
Step: 670000, Critic Loss: 16.6150, Actor Loss: -10162.8975, Q Mean: 10094.3926
Evaluation at step 670000: Mean Return: -1000.00 ± 0.00
Step: 671000, Critic Loss: 7.7648, Actor Loss: -10137.9502, Q Mean: 10138.4590
Step: 672000, Critic Loss: 11.0230, Actor Loss: -10137.8174, Q Mean: 10138.3496
Step: 673000, Critic Loss: 1.2066, Actor Loss: -10157.1006, Q Mean: 10157.6787
Step: 674000, Critic Loss: 89.9176, Actor Loss: -10127.5400, Q Mean: 10133.1582
Step: 675000, Critic Loss: 84.5798, Actor Loss: -10188.0498, Q Mean: 10188.6582
Step: 676000, Critic Loss: 5.7136, Actor Loss: -10242.4434, Q Mean: 10203.2246
Step: 677000, Critic Loss: 6.2751, Actor Loss: -10307.7939, Q Mean: 10308.1016
Step: 678000, Critic Loss: 29.8340, Actor Loss: -10344.6553, Q Mean: 10346.0078
Step: 679000, Critic Loss: 1.1870, Actor Loss: -10371.8193, Q Mean: 10372.4902
Step: 680000, Critic Loss: 14.5127, Actor Loss: -10355.1494, Q Mean: 10356.7354
Evaluation at step 680000: Mean Return: -1000.00 ± 0.00
Step: 681000, Critic Loss: 6.3305, Actor Loss: -10320.2861, Q Mean: 10322.9033
Step: 682000, Critic Loss: 370.3632, Actor Loss: -10306.3105, Q Mean: 10268.1953
Step: 683000, Critic Loss: 33.5062, Actor Loss: -10285.0684, Q Mean: 10285.7324
Step: 684000, Critic Loss: 5.3045, Actor Loss: -10300.5693, Q Mean: 10301.1279
Step: 685000, Critic Loss: 3.7854, Actor Loss: -10312.8467, Q Mean: 10313.4297
Step: 686000, Critic Loss: 7.2563, Actor Loss: -10302.9668, Q Mean: 10303.4512
Step: 687000, Critic Loss: 12.1347, Actor Loss: -10242.3740, Q Mean: 10243.1084
Step: 688000, Critic Loss: 1.6055, Actor Loss: -10243.6133, Q Mean: 10244.3340
Step: 689000, Critic Loss: 4.2480, Actor Loss: -10265.2510, Q Mean: 10265.8164
Step: 690000, Critic Loss: 4.2398, Actor Loss: -10282.1953, Q Mean: 10282.8037
Evaluation at step 690000: Mean Return: -1000.00 ± 0.00
Step: 691000, Critic Loss: 1.3257, Actor Loss: -10336.2861, Q Mean: 10336.8291
Step: 692000, Critic Loss: 1.4177, Actor Loss: -10400.0186, Q Mean: 10400.8389
Step: 693000, Critic Loss: 33.4209, Actor Loss: -10318.7432, Q Mean: 10319.0674
Step: 694000, Critic Loss: 42.7770, Actor Loss: -10280.1221, Q Mean: 10281.2051
Step: 695000, Critic Loss: 40.5914, Actor Loss: -10276.2920, Q Mean: 10196.8672
Step: 696000, Critic Loss: 4.4353, Actor Loss: -10281.1992, Q Mean: 10281.6992
Step: 697000, Critic Loss: 1.7584, Actor Loss: -10300.2559, Q Mean: 10300.9688
Step: 698000, Critic Loss: 69.4253, Actor Loss: -10308.0908, Q Mean: 10268.8311
Step: 699000, Critic Loss: 11.2777, Actor Loss: -10281.6709, Q Mean: 10242.2959
Step: 700000, Critic Loss: 1.5608, Actor Loss: -10277.7393, Q Mean: 10278.2900
Evaluation at step 700000: Mean Return: -1000.00 ± 0.00
Step: 701000, Critic Loss: 1.0356, Actor Loss: -10263.5156, Q Mean: 10263.9766
Step: 702000, Critic Loss: 0.6032, Actor Loss: -10281.6279, Q Mean: 10282.1562
Step: 703000, Critic Loss: 1.2571, Actor Loss: -10282.7803, Q Mean: 10283.2910
Step: 704000, Critic Loss: 1.0988, Actor Loss: -10276.9443, Q Mean: 10277.5312
Step: 705000, Critic Loss: 1.6730, Actor Loss: -10271.6416, Q Mean: 10272.3311
Step: 706000, Critic Loss: 14.1013, Actor Loss: -10304.8193, Q Mean: 10305.5977
Step: 707000, Critic Loss: 8.1506, Actor Loss: -10289.7119, Q Mean: 10290.9219
Step: 708000, Critic Loss: 1150.7642, Actor Loss: -10256.1670, Q Mean: 10255.7734
Step: 709000, Critic Loss: 7.2317, Actor Loss: -10271.5088, Q Mean: 10272.1611
Step: 710000, Critic Loss: 2.6332, Actor Loss: -10278.1133, Q Mean: 10278.6406
Evaluation at step 710000: Mean Return: -1000.00 ± 0.00
Step: 711000, Critic Loss: 2.3757, Actor Loss: -10260.2051, Q Mean: 10261.2412
Step: 712000, Critic Loss: 119.4049, Actor Loss: -10255.7227, Q Mean: 10256.2002
Step: 713000, Critic Loss: 21.3283, Actor Loss: -10287.2998, Q Mean: 10287.8076
Step: 714000, Critic Loss: 1.9276, Actor Loss: -10347.6748, Q Mean: 10348.2139
Step: 715000, Critic Loss: 6.5505, Actor Loss: -10286.0664, Q Mean: 10286.9746
Step: 716000, Critic Loss: 0.8445, Actor Loss: -10294.1191, Q Mean: 10294.6113
Step: 717000, Critic Loss: 33.3120, Actor Loss: -10329.2900, Q Mean: 10329.9629
Step: 718000, Critic Loss: 1.5469, Actor Loss: -10276.8662, Q Mean: 10277.5674
Step: 719000, Critic Loss: 18.0558, Actor Loss: -10284.6533, Q Mean: 10285.6777
Step: 720000, Critic Loss: 2.1026, Actor Loss: -10396.7266, Q Mean: 10397.2031
Evaluation at step 720000: Mean Return: -1000.00 ± 0.00
Step: 721000, Critic Loss: 0.6173, Actor Loss: -10486.7910, Q Mean: 10487.2012
Step: 722000, Critic Loss: 5.5966, Actor Loss: -10538.6641, Q Mean: 10539.3340
Step: 723000, Critic Loss: 13.1323, Actor Loss: -10519.8574, Q Mean: 10520.7002
Step: 724000, Critic Loss: 1.2668, Actor Loss: -10519.0879, Q Mean: 10519.6152
Step: 725000, Critic Loss: 1.0763, Actor Loss: -10512.9170, Q Mean: 10513.3076
Step: 726000, Critic Loss: 10.7807, Actor Loss: -10465.1602, Q Mean: 10465.5654
Step: 727000, Critic Loss: 359.2297, Actor Loss: -10538.3867, Q Mean: 10538.3193
Step: 728000, Critic Loss: 0.9750, Actor Loss: -10633.1826, Q Mean: 10633.6582
Step: 729000, Critic Loss: 1.0961, Actor Loss: -10588.8936, Q Mean: 10589.5762
Step: 730000, Critic Loss: 4.8147, Actor Loss: -10542.0146, Q Mean: 10542.6758
Evaluation at step 730000: Mean Return: -1000.00 ± 0.00
Step: 731000, Critic Loss: 1.8059, Actor Loss: -10549.2939, Q Mean: 10549.8105
Step: 732000, Critic Loss: 80.0812, Actor Loss: -10566.2412, Q Mean: 10484.5625
Step: 733000, Critic Loss: 24.7830, Actor Loss: -10593.6016, Q Mean: 10594.2256
Step: 734000, Critic Loss: 2.7816, Actor Loss: -10575.2939, Q Mean: 10575.8750
Step: 735000, Critic Loss: 11.3650, Actor Loss: -10553.5654, Q Mean: 10553.8301
Step: 736000, Critic Loss: 2.8697, Actor Loss: -10569.9844, Q Mean: 10570.3828
Step: 737000, Critic Loss: 19.5712, Actor Loss: -10639.8594, Q Mean: 10598.8887
Step: 738000, Critic Loss: 6.7168, Actor Loss: -10694.4141, Q Mean: 10695.2500
Step: 739000, Critic Loss: 1.8696, Actor Loss: -10652.8262, Q Mean: 10653.5137
Step: 740000, Critic Loss: 19.5946, Actor Loss: -10590.9111, Q Mean: 10592.0176
Evaluation at step 740000: Mean Return: -1000.00 ± 0.00
Step: 741000, Critic Loss: 122.8175, Actor Loss: -10568.6338, Q Mean: 10549.2676
Step: 742000, Critic Loss: 3.4366, Actor Loss: -10596.3018, Q Mean: 10597.3027
Step: 743000, Critic Loss: 2.2293, Actor Loss: -10593.9424, Q Mean: 10595.1816
Step: 744000, Critic Loss: 62.3826, Actor Loss: -10600.7959, Q Mean: 10601.4150
Step: 745000, Critic Loss: 7.5815, Actor Loss: -10618.5674, Q Mean: 10619.0859
Step: 746000, Critic Loss: 7.2118, Actor Loss: -10591.2012, Q Mean: 10591.7598
Step: 747000, Critic Loss: 2193.2705, Actor Loss: -10697.8838, Q Mean: 10697.5352
Step: 748000, Critic Loss: 0.9468, Actor Loss: -10729.9053, Q Mean: 10730.5840
Step: 749000, Critic Loss: 20.3730, Actor Loss: -10671.7959, Q Mean: 10672.9355
Step: 750000, Critic Loss: 4.0630, Actor Loss: -10713.2188, Q Mean: 10713.9102
Evaluation at step 750000: Mean Return: -1000.00 ± 0.00
Step: 751000, Critic Loss: 6.5342, Actor Loss: -10715.6348, Q Mean: 10716.2559
Step: 752000, Critic Loss: 0.6423, Actor Loss: -10693.1836, Q Mean: 10693.6855
Step: 753000, Critic Loss: 0.8001, Actor Loss: -10681.3662, Q Mean: 10682.2021
Step: 754000, Critic Loss: 4.2331, Actor Loss: -10675.8145, Q Mean: 10676.7168
Step: 755000, Critic Loss: 1.4120, Actor Loss: -10667.9092, Q Mean: 10668.6895
Step: 756000, Critic Loss: 1.1140, Actor Loss: -10669.7812, Q Mean: 10670.4277
Step: 757000, Critic Loss: 4.8897, Actor Loss: -10627.2070, Q Mean: 10586.6855
Step: 758000, Critic Loss: 1.6180, Actor Loss: -10608.7920, Q Mean: 10609.2607
Step: 759000, Critic Loss: 1507.4062, Actor Loss: -10605.5605, Q Mean: 10604.2949
Step: 760000, Critic Loss: 1.3517, Actor Loss: -10652.4443, Q Mean: 10652.8750
Evaluation at step 760000: Mean Return: -1000.00 ± 0.00
Step: 761000, Critic Loss: 237.2956, Actor Loss: -10622.1846, Q Mean: 10622.9160
Step: 762000, Critic Loss: 3.0593, Actor Loss: -10629.2510, Q Mean: 10630.3193
Step: 763000, Critic Loss: 67.6592, Actor Loss: -10628.1592, Q Mean: 10587.8477
Step: 764000, Critic Loss: 64.7739, Actor Loss: -10614.3369, Q Mean: 10583.7822
Step: 765000, Critic Loss: 0.8910, Actor Loss: -10664.6836, Q Mean: 10665.2246
Step: 766000, Critic Loss: 645.7418, Actor Loss: -10688.3594, Q Mean: 10690.0879
Step: 767000, Critic Loss: 178.2685, Actor Loss: -10728.8818, Q Mean: 10729.0869
Step: 768000, Critic Loss: 3.3364, Actor Loss: -10755.5527, Q Mean: 10756.3223
Step: 769000, Critic Loss: 42.8989, Actor Loss: -10753.3291, Q Mean: 10753.6211
Step: 770000, Critic Loss: 16558.7500, Actor Loss: -10674.9307, Q Mean: 10677.4014
Evaluation at step 770000: Mean Return: -1000.00 ± 0.00
Step: 771000, Critic Loss: 1.6040, Actor Loss: -10706.7158, Q Mean: 10708.0312
Step: 772000, Critic Loss: 19.3403, Actor Loss: -10664.8975, Q Mean: 10666.1328
Step: 773000, Critic Loss: 2.1984, Actor Loss: -10672.4766, Q Mean: 10672.9971
Step: 774000, Critic Loss: 1.3786, Actor Loss: -10694.7354, Q Mean: 10695.1768
Step: 775000, Critic Loss: 59.9919, Actor Loss: -10676.3301, Q Mean: 10676.7637
Step: 776000, Critic Loss: 3.9879, Actor Loss: -10679.4639, Q Mean: 10679.9189
Step: 777000, Critic Loss: 73.5982, Actor Loss: -10617.6016, Q Mean: 10621.8438
Step: 778000, Critic Loss: 4.0677, Actor Loss: -10580.1328, Q Mean: 10580.9131
Step: 779000, Critic Loss: 29.4031, Actor Loss: -10545.3496, Q Mean: 10546.4375
Step: 780000, Critic Loss: 6.8769, Actor Loss: -10548.9727, Q Mean: 10549.8096
Evaluation at step 780000: Mean Return: -1000.00 ± 0.00
Step: 781000, Critic Loss: 9.1462, Actor Loss: -10610.7188, Q Mean: 10611.9297
Step: 782000, Critic Loss: 5.6173, Actor Loss: -10632.8037, Q Mean: 10633.7344
Step: 783000, Critic Loss: 4.1249, Actor Loss: -10655.2314, Q Mean: 10656.5820
Step: 784000, Critic Loss: 0.4876, Actor Loss: -10667.0488, Q Mean: 10667.9238
Step: 785000, Critic Loss: 36.8389, Actor Loss: -10645.4316, Q Mean: 10646.3789
Step: 786000, Critic Loss: 23.1520, Actor Loss: -10616.3574, Q Mean: 10616.6680
Step: 787000, Critic Loss: 21.2265, Actor Loss: -10585.6211, Q Mean: 10586.2227
Step: 788000, Critic Loss: 3.2378, Actor Loss: -10591.6104, Q Mean: 10593.2256
Step: 789000, Critic Loss: 0.9553, Actor Loss: -10641.3389, Q Mean: 10642.0352
Step: 790000, Critic Loss: 11.9533, Actor Loss: -10656.3184, Q Mean: 10656.8320
Evaluation at step 790000: Mean Return: -1000.00 ± 0.00
Step: 791000, Critic Loss: 86.6260, Actor Loss: -10640.8721, Q Mean: 10641.5869
Step: 792000, Critic Loss: 10.2157, Actor Loss: -10747.5977, Q Mean: 10747.9531
Step: 793000, Critic Loss: 293.1709, Actor Loss: -10813.0332, Q Mean: 10776.5869
Step: 794000, Critic Loss: 1.6682, Actor Loss: -10846.8369, Q Mean: 10847.2822
Step: 795000, Critic Loss: 1.0168, Actor Loss: -10852.9766, Q Mean: 10853.4570
Step: 796000, Critic Loss: 6.0673, Actor Loss: -10871.5615, Q Mean: 10873.0273
Step: 797000, Critic Loss: 5.0833, Actor Loss: -10793.0508, Q Mean: 10793.6650
Step: 798000, Critic Loss: 24.4670, Actor Loss: -10715.3809, Q Mean: 10715.8799
Step: 799000, Critic Loss: 1.3324, Actor Loss: -10709.0830, Q Mean: 10709.6230
Step: 800000, Critic Loss: 1.8282, Actor Loss: -10672.4805, Q Mean: 10631.2988
Evaluation at step 800000: Mean Return: -1000.00 ± 0.00
Step: 801000, Critic Loss: 0.7775, Actor Loss: -10676.2461, Q Mean: 10677.0342
Step: 802000, Critic Loss: 72.1142, Actor Loss: -10636.7705, Q Mean: 10637.6113
Step: 803000, Critic Loss: 2.6628, Actor Loss: -10662.0791, Q Mean: 10662.8057
Step: 804000, Critic Loss: 10.5895, Actor Loss: -10684.9434, Q Mean: 10685.5146
Step: 805000, Critic Loss: 20.7950, Actor Loss: -10686.2510, Q Mean: 10686.7715
Step: 806000, Critic Loss: 5.2806, Actor Loss: -10687.4424, Q Mean: 10646.6357
Step: 807000, Critic Loss: 5.2320, Actor Loss: -10670.8477, Q Mean: 10637.8662
Step: 808000, Critic Loss: 7.8394, Actor Loss: -10641.2354, Q Mean: 10641.7988
Step: 809000, Critic Loss: 5.7643, Actor Loss: -10690.1387, Q Mean: 10649.4502
Step: 810000, Critic Loss: 2.3872, Actor Loss: -10760.8047, Q Mean: 10761.6797
Evaluation at step 810000: Mean Return: -1000.00 ± 0.00
Step: 811000, Critic Loss: 1162.5310, Actor Loss: -10756.9902, Q Mean: 10756.1182
Step: 812000, Critic Loss: 61.5132, Actor Loss: -10820.0703, Q Mean: 10820.9336
Step: 813000, Critic Loss: 1.8043, Actor Loss: -10842.9033, Q Mean: 10843.4609
Step: 814000, Critic Loss: 6.8335, Actor Loss: -10850.7676, Q Mean: 10851.1719
Step: 815000, Critic Loss: 5.1741, Actor Loss: -10834.6094, Q Mean: 10835.1826
Step: 816000, Critic Loss: 0.8781, Actor Loss: -10833.4951, Q Mean: 10834.1650
Step: 817000, Critic Loss: 2.0024, Actor Loss: -10828.0801, Q Mean: 10786.3945
Step: 818000, Critic Loss: 3.3412, Actor Loss: -10845.3154, Q Mean: 10845.8711
Step: 819000, Critic Loss: 2.0681, Actor Loss: -10860.8604, Q Mean: 10861.2617
Step: 820000, Critic Loss: 2.8328, Actor Loss: -10858.1416, Q Mean: 10858.5996
Evaluation at step 820000: Mean Return: -1000.00 ± 0.00
Step: 821000, Critic Loss: 34.5835, Actor Loss: -10864.7656, Q Mean: 10865.5938
Step: 822000, Critic Loss: 7.4570, Actor Loss: -10832.6807, Q Mean: 10833.2178
Step: 823000, Critic Loss: 10.9820, Actor Loss: -10830.7070, Q Mean: 10831.1924
Step: 824000, Critic Loss: 2.6220, Actor Loss: -10900.1582, Q Mean: 10900.8584
Step: 825000, Critic Loss: 101.9635, Actor Loss: -10995.4961, Q Mean: 10996.0000
Step: 826000, Critic Loss: 12.8233, Actor Loss: -10975.3135, Q Mean: 10936.4609
Step: 827000, Critic Loss: 1.7081, Actor Loss: -10992.8994, Q Mean: 10993.3330
Step: 828000, Critic Loss: 71.4749, Actor Loss: -10986.0811, Q Mean: 10986.1172
Step: 829000, Critic Loss: 9.1560, Actor Loss: -11085.9346, Q Mean: 11086.4561
Step: 830000, Critic Loss: 1.9951, Actor Loss: -11109.1992, Q Mean: 11109.5352
Evaluation at step 830000: Mean Return: -1000.00 ± 0.00
Step: 831000, Critic Loss: 486.4399, Actor Loss: -11020.6885, Q Mean: 10978.7871
Step: 832000, Critic Loss: 21.1507, Actor Loss: -11020.4824, Q Mean: 11020.8633
Step: 833000, Critic Loss: 9.7976, Actor Loss: -10990.9473, Q Mean: 10991.6768
Step: 834000, Critic Loss: 11.5501, Actor Loss: -10977.8496, Q Mean: 10936.1055
Step: 835000, Critic Loss: 1478.3076, Actor Loss: -11018.9736, Q Mean: 11019.9434
Step: 836000, Critic Loss: 27.9978, Actor Loss: -10994.8848, Q Mean: 10995.5107
Step: 837000, Critic Loss: 4.7589, Actor Loss: -10981.9092, Q Mean: 10982.5654
Step: 838000, Critic Loss: 19.7322, Actor Loss: -10955.5547, Q Mean: 10956.2158
Step: 839000, Critic Loss: 4.7447, Actor Loss: -10930.3281, Q Mean: 10930.8311
Step: 840000, Critic Loss: 60.2956, Actor Loss: -10916.3584, Q Mean: 10916.6982
Evaluation at step 840000: Mean Return: -1000.00 ± 0.00
Step: 841000, Critic Loss: 126.0732, Actor Loss: -10879.4258, Q Mean: 10837.9307
Step: 842000, Critic Loss: 2.7595, Actor Loss: -10935.3301, Q Mean: 10935.9922
Step: 843000, Critic Loss: 487.1980, Actor Loss: -10898.4082, Q Mean: 10897.9883
Step: 844000, Critic Loss: 11.1430, Actor Loss: -10934.3779, Q Mean: 10935.0195
Step: 845000, Critic Loss: 4.0553, Actor Loss: -10922.9443, Q Mean: 10923.3340
Step: 846000, Critic Loss: 3.3870, Actor Loss: -10983.5723, Q Mean: 10984.0098
Step: 847000, Critic Loss: 5.3753, Actor Loss: -10982.5127, Q Mean: 10940.2637
Step: 848000, Critic Loss: 7.0022, Actor Loss: -11013.2520, Q Mean: 11013.6719
Step: 849000, Critic Loss: 3.3385, Actor Loss: -10986.9883, Q Mean: 10987.3809
Step: 850000, Critic Loss: 161.5110, Actor Loss: -11053.8506, Q Mean: 11054.5781
Evaluation at step 850000: Mean Return: -1000.00 ± 0.00
Step: 851000, Critic Loss: 2.9932, Actor Loss: -11039.5400, Q Mean: 11039.8770
Step: 852000, Critic Loss: 98.1065, Actor Loss: -11005.6650, Q Mean: 11005.7705
Step: 853000, Critic Loss: 3.0107, Actor Loss: -11027.5703, Q Mean: 11028.0723
Step: 854000, Critic Loss: 4.5297, Actor Loss: -11029.4736, Q Mean: 11030.1260
Step: 855000, Critic Loss: 4.4522, Actor Loss: -11049.3535, Q Mean: 11049.9102
Step: 856000, Critic Loss: 146.0108, Actor Loss: -11028.5830, Q Mean: 11029.0430
Step: 857000, Critic Loss: 2.3257, Actor Loss: -10999.8428, Q Mean: 11000.8750
Step: 858000, Critic Loss: 1.8109, Actor Loss: -10970.5068, Q Mean: 10970.9902
Step: 859000, Critic Loss: 1.1730, Actor Loss: -10968.3311, Q Mean: 10968.9307
Step: 860000, Critic Loss: 2.8839, Actor Loss: -11002.1162, Q Mean: 11002.5293
Evaluation at step 860000: Mean Return: -1000.00 ± 0.00
Step: 861000, Critic Loss: 8.2352, Actor Loss: -10929.3037, Q Mean: 10930.2852
Step: 862000, Critic Loss: 16.3103, Actor Loss: -10885.5742, Q Mean: 10886.1387
Step: 863000, Critic Loss: 4.5420, Actor Loss: -10933.0947, Q Mean: 10934.6318
Step: 864000, Critic Loss: 117.3745, Actor Loss: -10920.0264, Q Mean: 10914.0273
Step: 865000, Critic Loss: 96.1211, Actor Loss: -10904.7432, Q Mean: 10905.1289
Step: 866000, Critic Loss: 181.1842, Actor Loss: -10797.8135, Q Mean: 10798.1992
Step: 867000, Critic Loss: 70.0298, Actor Loss: -10791.1318, Q Mean: 10791.3027
Step: 868000, Critic Loss: 1.7352, Actor Loss: -10824.2715, Q Mean: 10824.6328
Step: 869000, Critic Loss: 4.4121, Actor Loss: -10811.9648, Q Mean: 10812.6016
Step: 870000, Critic Loss: 4.7270, Actor Loss: -10795.6221, Q Mean: 10795.9668
Evaluation at step 870000: Mean Return: -1000.00 ± 0.00
Step: 871000, Critic Loss: 28.7466, Actor Loss: -10683.6523, Q Mean: 10683.6855
Step: 872000, Critic Loss: 284.5881, Actor Loss: -10707.7334, Q Mean: 10708.1777
Step: 873000, Critic Loss: 0.9961, Actor Loss: -10715.5576, Q Mean: 10716.0605
Step: 874000, Critic Loss: 1.3067, Actor Loss: -10672.1436, Q Mean: 10672.5957
Step: 875000, Critic Loss: 966.6362, Actor Loss: -10585.1084, Q Mean: 10585.2734
Step: 876000, Critic Loss: 4.2344, Actor Loss: -10572.2812, Q Mean: 10572.6465
Step: 877000, Critic Loss: 44.0144, Actor Loss: -10503.0117, Q Mean: 10463.8330
Step: 878000, Critic Loss: 1.0882, Actor Loss: -10467.2354, Q Mean: 10467.8145
Step: 879000, Critic Loss: 22.0253, Actor Loss: -10411.8467, Q Mean: 10412.1846
Step: 880000, Critic Loss: 6.1323, Actor Loss: -10365.1699, Q Mean: 10365.5693
Evaluation at step 880000: Mean Return: -1000.00 ± 0.00
Step: 881000, Critic Loss: 83.2010, Actor Loss: -10338.5537, Q Mean: 10339.7129
Step: 882000, Critic Loss: 4.5816, Actor Loss: -10315.4443, Q Mean: 10316.1816
Step: 883000, Critic Loss: 2.7902, Actor Loss: -10313.0293, Q Mean: 10313.5879
Step: 884000, Critic Loss: 56.5713, Actor Loss: -10328.1846, Q Mean: 10290.6641
Step: 885000, Critic Loss: 40.7494, Actor Loss: -10370.5303, Q Mean: 10330.2148
Step: 886000, Critic Loss: 3.1616, Actor Loss: -10368.6680, Q Mean: 10369.1094
Step: 887000, Critic Loss: 567.3811, Actor Loss: -10367.6143, Q Mean: 10368.3672
Step: 888000, Critic Loss: 5.1004, Actor Loss: -10360.1035, Q Mean: 10360.5391
Step: 889000, Critic Loss: 1.3420, Actor Loss: -10371.0693, Q Mean: 10372.4043
Step: 890000, Critic Loss: 56.0008, Actor Loss: -10350.0596, Q Mean: 10350.4365
Evaluation at step 890000: Mean Return: -1000.00 ± 0.00
Step: 891000, Critic Loss: 1.5914, Actor Loss: -10462.1357, Q Mean: 10462.7891
Step: 892000, Critic Loss: 1.0282, Actor Loss: -10566.0586, Q Mean: 10566.5850
Step: 893000, Critic Loss: 26.6187, Actor Loss: -10578.1855, Q Mean: 10578.7246
Step: 894000, Critic Loss: 66.6443, Actor Loss: -10636.1514, Q Mean: 10636.6523
Step: 895000, Critic Loss: 3.8068, Actor Loss: -10783.7627, Q Mean: 10784.3086
Step: 896000, Critic Loss: 1.4139, Actor Loss: -10845.2637, Q Mean: 10845.6289
Step: 897000, Critic Loss: 1.1471, Actor Loss: -10978.6699, Q Mean: 10979.1045
Step: 898000, Critic Loss: 6.4105, Actor Loss: -11081.2314, Q Mean: 11081.6660
Step: 899000, Critic Loss: 2.4962, Actor Loss: -11067.3369, Q Mean: 11067.7207
Step: 900000, Critic Loss: 3.9190, Actor Loss: -11040.0361, Q Mean: 10997.8203
Evaluation at step 900000: Mean Return: -1000.00 ± 0.00
Step: 901000, Critic Loss: 5.7847, Actor Loss: -10981.7168, Q Mean: 10982.2988
Step: 902000, Critic Loss: 42.1245, Actor Loss: -10869.6104, Q Mean: 10869.8926
Step: 903000, Critic Loss: 13.6351, Actor Loss: -10975.8428, Q Mean: 10976.6006
Step: 904000, Critic Loss: 1.6488, Actor Loss: -11042.7383, Q Mean: 11043.2559
Step: 905000, Critic Loss: 4.9366, Actor Loss: -11045.2930, Q Mean: 11045.6572
Step: 906000, Critic Loss: 3.8180, Actor Loss: -11010.3740, Q Mean: 11010.8105
Step: 907000, Critic Loss: 1.6777, Actor Loss: -11023.8457, Q Mean: 11024.2090
Step: 908000, Critic Loss: 1.3181, Actor Loss: -11046.6230, Q Mean: 11047.4219
Step: 909000, Critic Loss: 8.5551, Actor Loss: -11090.9844, Q Mean: 11069.2568
Step: 910000, Critic Loss: 1.9032, Actor Loss: -11131.7598, Q Mean: 11132.0586
Evaluation at step 910000: Mean Return: -1000.00 ± 0.00
Step: 911000, Critic Loss: 126.4059, Actor Loss: -11126.3018, Q Mean: 11126.9307
Step: 912000, Critic Loss: 1.5126, Actor Loss: -11114.3789, Q Mean: 11114.7871
Step: 913000, Critic Loss: 34.2206, Actor Loss: -11091.2803, Q Mean: 11047.9434
Step: 914000, Critic Loss: 2.3197, Actor Loss: -11083.7920, Q Mean: 11084.2861
Step: 915000, Critic Loss: 1.4056, Actor Loss: -11159.0850, Q Mean: 11159.4883
Step: 916000, Critic Loss: 9.0410, Actor Loss: -11152.6611, Q Mean: 11153.1172
Step: 917000, Critic Loss: 45.9504, Actor Loss: -11166.9238, Q Mean: 11167.2568
Step: 918000, Critic Loss: 25.2126, Actor Loss: -11140.4697, Q Mean: 11120.3555
Step: 919000, Critic Loss: 34.8694, Actor Loss: -11179.1357, Q Mean: 11179.5889
Step: 920000, Critic Loss: 3.4216, Actor Loss: -11271.3203, Q Mean: 11271.9053
Evaluation at step 920000: Mean Return: -1000.00 ± 0.00
Step: 921000, Critic Loss: 6.2239, Actor Loss: -11220.0410, Q Mean: 11220.3984
Step: 922000, Critic Loss: 5.0368, Actor Loss: -11144.9434, Q Mean: 11101.7910
Step: 923000, Critic Loss: 40.3169, Actor Loss: -11124.9580, Q Mean: 11125.5098
Step: 924000, Critic Loss: 10.5928, Actor Loss: -11121.6182, Q Mean: 11121.9805
Step: 925000, Critic Loss: 86.0628, Actor Loss: -11111.1982, Q Mean: 11068.2148
Step: 926000, Critic Loss: 12.8267, Actor Loss: -11143.4492, Q Mean: 11144.1582
Step: 927000, Critic Loss: 0.9861, Actor Loss: -11190.6846, Q Mean: 11191.1973
Step: 928000, Critic Loss: 1.6742, Actor Loss: -11249.1729, Q Mean: 11249.6543
Step: 929000, Critic Loss: 1.2505, Actor Loss: -11260.5811, Q Mean: 11261.0801
Step: 930000, Critic Loss: 2.9116, Actor Loss: -11254.8174, Q Mean: 11255.3027
Evaluation at step 930000: Mean Return: -1000.00 ± 0.00
Step: 931000, Critic Loss: 2.2171, Actor Loss: -11325.9229, Q Mean: 11326.5498
Step: 932000, Critic Loss: 2.6231, Actor Loss: -11294.5312, Q Mean: 11296.7598
Step: 933000, Critic Loss: 605.5516, Actor Loss: -11160.9570, Q Mean: 11161.5391
Step: 934000, Critic Loss: 6.0243, Actor Loss: -11198.7773, Q Mean: 11199.7539
Step: 935000, Critic Loss: 190.4884, Actor Loss: -11225.8447, Q Mean: 11226.1777
Step: 936000, Critic Loss: 3.5121, Actor Loss: -11280.2949, Q Mean: 11280.7598
Step: 937000, Critic Loss: 12.3003, Actor Loss: -11307.2070, Q Mean: 11263.9736
Step: 938000, Critic Loss: 5.6375, Actor Loss: -11343.9404, Q Mean: 11344.4707
Step: 939000, Critic Loss: 3.4543, Actor Loss: -11334.0645, Q Mean: 11339.0254
Step: 940000, Critic Loss: 0.9776, Actor Loss: -11341.6211, Q Mean: 11345.1680
Evaluation at step 940000: Mean Return: -1000.00 ± 0.00
Step: 941000, Critic Loss: 15.8140, Actor Loss: -11351.2803, Q Mean: 11352.2432
Step: 942000, Critic Loss: 7.4620, Actor Loss: -11444.6367, Q Mean: 11445.7100
Step: 943000, Critic Loss: 39.5217, Actor Loss: -11503.7744, Q Mean: 11504.4854
Step: 944000, Critic Loss: 47.5510, Actor Loss: -11535.4697, Q Mean: 11536.8594
Step: 945000, Critic Loss: 3.1385, Actor Loss: -11567.4385, Q Mean: 11568.3184
Step: 946000, Critic Loss: 1.9229, Actor Loss: -11589.8145, Q Mean: 11590.3174
Step: 947000, Critic Loss: 24.7827, Actor Loss: -11615.2773, Q Mean: 11615.8828
Step: 948000, Critic Loss: 8.7701, Actor Loss: -11606.6826, Q Mean: 11607.3906
Step: 949000, Critic Loss: 139.4052, Actor Loss: -11648.7490, Q Mean: 11650.5215
Step: 950000, Critic Loss: 51.4289, Actor Loss: -11609.1377, Q Mean: 11564.9863
Evaluation at step 950000: Mean Return: -1000.00 ± 0.00
Step: 951000, Critic Loss: 1.6998, Actor Loss: -11536.5195, Q Mean: 11537.4746
Step: 952000, Critic Loss: 15.9400, Actor Loss: -11508.2324, Q Mean: 11509.0146
Step: 953000, Critic Loss: 8.7259, Actor Loss: -11504.9736, Q Mean: 11506.1494
Step: 954000, Critic Loss: 2.8655, Actor Loss: -11566.2100, Q Mean: 11566.6641
Step: 955000, Critic Loss: 3.6982, Actor Loss: -11560.3525, Q Mean: 11560.9023
Step: 956000, Critic Loss: 4.3840, Actor Loss: -11591.2969, Q Mean: 11592.0488
Step: 957000, Critic Loss: 3.5532, Actor Loss: -11627.4111, Q Mean: 11628.0830
Step: 958000, Critic Loss: 2.1666, Actor Loss: -11609.0566, Q Mean: 11611.2129
Step: 959000, Critic Loss: 51.3155, Actor Loss: -11600.6533, Q Mean: 11566.4082
Step: 960000, Critic Loss: 10.2535, Actor Loss: -11565.5225, Q Mean: 11568.8779
Evaluation at step 960000: Mean Return: -1000.00 ± 0.00
Step: 961000, Critic Loss: 11.7070, Actor Loss: -11513.0898, Q Mean: 11514.3496
Step: 962000, Critic Loss: 6.7255, Actor Loss: -11559.8027, Q Mean: 11560.7236
Step: 963000, Critic Loss: 56.8411, Actor Loss: -11590.0850, Q Mean: 11591.2471
Step: 964000, Critic Loss: 3.3939, Actor Loss: -11627.3477, Q Mean: 11582.8076
Step: 965000, Critic Loss: 12.5977, Actor Loss: -11601.5156, Q Mean: 11602.3047
Step: 966000, Critic Loss: 28.8494, Actor Loss: -11626.2793, Q Mean: 11626.8359
Step: 967000, Critic Loss: 17.4250, Actor Loss: -11599.3037, Q Mean: 11600.3662
Step: 968000, Critic Loss: 8.9566, Actor Loss: -11631.0850, Q Mean: 11631.6602
Step: 969000, Critic Loss: 3.7050, Actor Loss: -11679.1855, Q Mean: 11680.0195
Step: 970000, Critic Loss: 1.8724, Actor Loss: -11722.0508, Q Mean: 11722.9297
Evaluation at step 970000: Mean Return: -1000.00 ± 0.00
Step: 971000, Critic Loss: 16.4520, Actor Loss: -11783.6611, Q Mean: 11784.1777
Step: 972000, Critic Loss: 16.1544, Actor Loss: -11749.5312, Q Mean: 11752.1475
Step: 973000, Critic Loss: 3.5774, Actor Loss: -11770.9961, Q Mean: 11772.0801
Step: 974000, Critic Loss: 17.0776, Actor Loss: -11757.1123, Q Mean: 11757.7812
Step: 975000, Critic Loss: 3.2229, Actor Loss: -11782.2783, Q Mean: 11783.4062
Step: 976000, Critic Loss: 41.4677, Actor Loss: -11777.3955, Q Mean: 11732.8584
Step: 977000, Critic Loss: 16.3682, Actor Loss: -11758.1045, Q Mean: 11758.5469
Step: 978000, Critic Loss: 1.9650, Actor Loss: -11747.2461, Q Mean: 11748.1338
Step: 979000, Critic Loss: 1.7767, Actor Loss: -11755.2520, Q Mean: 11756.1328
Step: 980000, Critic Loss: 17.9835, Actor Loss: -11785.6484, Q Mean: 11786.5059
Evaluation at step 980000: Mean Return: -1000.00 ± 0.00
Step: 981000, Critic Loss: 14.9616, Actor Loss: -11779.8213, Q Mean: 11780.3662
Step: 982000, Critic Loss: 0.4841, Actor Loss: -11783.1035, Q Mean: 11783.7217
Step: 983000, Critic Loss: 2.1205, Actor Loss: -11785.9199, Q Mean: 11740.5752
Step: 984000, Critic Loss: 10.7218, Actor Loss: -11782.2539, Q Mean: 11782.9502
Step: 985000, Critic Loss: 176.8866, Actor Loss: -11771.2451, Q Mean: 11771.6523
Step: 986000, Critic Loss: 17.9752, Actor Loss: -11723.9346, Q Mean: 11724.9336
Step: 987000, Critic Loss: 2.2092, Actor Loss: -11716.6982, Q Mean: 11717.5586
Step: 988000, Critic Loss: 2.1027, Actor Loss: -11756.7402, Q Mean: 11757.2832
Step: 989000, Critic Loss: 8.3517, Actor Loss: -11788.9629, Q Mean: 11789.4463
Step: 990000, Critic Loss: 2.5251, Actor Loss: -11758.9873, Q Mean: 11759.6406
Evaluation at step 990000: Mean Return: -1000.00 ± 0.00
Step: 991000, Critic Loss: 3.7160, Actor Loss: -11795.2656, Q Mean: 11796.1719
Step: 992000, Critic Loss: 2.0358, Actor Loss: -11841.4482, Q Mean: 11842.1270
Step: 993000, Critic Loss: 27.3777, Actor Loss: -11884.6064, Q Mean: 11885.0625
Step: 994000, Critic Loss: 6.0980, Actor Loss: -11899.1133, Q Mean: 11899.5713
Step: 995000, Critic Loss: 1.3423, Actor Loss: -11975.4746, Q Mean: 11976.1328
Step: 996000, Critic Loss: 7.3486, Actor Loss: -11934.8994, Q Mean: 11939.1523
Step: 997000, Critic Loss: 12.0548, Actor Loss: -11854.6523, Q Mean: 11855.7432
Step: 998000, Critic Loss: 4.4586, Actor Loss: -11790.3086, Q Mean: 11791.0762
Step: 999000, Critic Loss: 1.3947, Actor Loss: -11823.0059, Q Mean: 11823.5527
Step: 1000000, Critic Loss: 15.7391, Actor Loss: -11808.4648, Q Mean: 11809.4609
Evaluation at step 1000000: Mean Return: -1000.00 ± 0.00
Final Evaluation: Mean Return: -1000.00 ± 0.00
